2023-02-19 23:45:22,608 - train - INFO - Namespace(batch_size=8, epochs=300, img_size=128, lr=0.0003, num_class=13, save_dir='./save_log', save_name='0219vit', seed=7777, vide_length=50)
2023-02-19 23:45:24,941 - train - INFO - ----------------------------------------------------------------------------------------------------
2023-02-19 23:45:24,941 - train - INFO - [1] Epoch Training................
2023-02-19 23:57:03,806 - train - INFO - Epoch [1], Train Loss : [1.30875] Val Loss : [1.05712] Val F1 : [0.09917]
2023-02-19 23:57:04,113 - train - INFO - saved new best score model
2023-02-19 23:57:04,114 - train - INFO - ----------------------------------------------------------------------------------------------------
2023-02-19 23:57:04,114 - train - INFO - [2] Epoch Training................
2023-02-20 00:08:35,178 - train - INFO - Epoch [2], Train Loss : [1.08202] Val Loss : [1.12184] Val F1 : [0.10179]
2023-02-20 00:08:35,538 - train - INFO - saved new best score model
2023-02-20 00:08:35,539 - train - INFO - ----------------------------------------------------------------------------------------------------
2023-02-20 00:08:35,540 - train - INFO - [3] Epoch Training................
2023-02-20 00:21:09,656 - train - INFO - Epoch [3], Train Loss : [1.10297] Val Loss : [1.15887] Val F1 : [0.08704]
2023-02-20 00:21:09,657 - train - INFO - ----------------------------------------------------------------------------------------------------
2023-02-20 00:21:09,657 - train - INFO - [4] Epoch Training................
2023-02-20 00:33:51,130 - train - INFO - Epoch [4], Train Loss : [1.08902] Val Loss : [1.06468] Val F1 : [0.11801]
2023-02-20 00:33:51,543 - train - INFO - saved new best score model
2023-02-20 00:33:51,545 - train - INFO - ----------------------------------------------------------------------------------------------------
2023-02-20 00:33:51,545 - train - INFO - [5] Epoch Training................
2023-02-20 00:45:43,527 - train - INFO - Epoch [5], Train Loss : [1.09169] Val Loss : [1.07406] Val F1 : [0.09054]
2023-02-20 00:45:43,528 - train - INFO - ----------------------------------------------------------------------------------------------------
2023-02-20 00:45:43,528 - train - INFO - [6] Epoch Training................
2023-02-20 00:57:16,309 - train - INFO - Epoch [6], Train Loss : [1.06587] Val Loss : [1.06754] Val F1 : [0.09634]
2023-02-20 00:57:16,310 - train - INFO - ----------------------------------------------------------------------------------------------------
2023-02-20 00:57:16,310 - train - INFO - [7] Epoch Training................
2023-02-20 01:09:11,727 - train - INFO - Epoch [7], Train Loss : [1.07802] Val Loss : [1.05866] Val F1 : [0.09599]
2023-02-20 01:09:11,728 - train - INFO - ----------------------------------------------------------------------------------------------------
2023-02-20 01:09:11,729 - train - INFO - [8] Epoch Training................
2023-02-20 01:21:04,789 - train - INFO - Epoch [8], Train Loss : [1.05116] Val Loss : [0.96522] Val F1 : [0.11304]
2023-02-20 01:21:04,790 - train - INFO - ----------------------------------------------------------------------------------------------------
2023-02-20 01:21:04,790 - train - INFO - [9] Epoch Training................
2023-02-20 01:32:58,142 - train - INFO - Epoch [9], Train Loss : [1.03707] Val Loss : [1.06042] Val F1 : [0.07967]
2023-02-20 01:32:58,143 - train - INFO - ----------------------------------------------------------------------------------------------------
2023-02-20 01:32:58,143 - train - INFO - [10] Epoch Training................
2023-02-20 01:44:35,624 - train - INFO - Epoch [10], Train Loss : [1.02614] Val Loss : [1.08453] Val F1 : [0.10778]
2023-02-20 01:44:35,625 - train - INFO - ----------------------------------------------------------------------------------------------------
2023-02-20 01:44:35,625 - train - INFO - [11] Epoch Training................
2023-02-20 01:56:30,254 - train - INFO - Epoch [11], Train Loss : [1.01456] Val Loss : [1.06284] Val F1 : [0.09429]
2023-02-20 01:56:30,256 - train - INFO - ----------------------------------------------------------------------------------------------------
2023-02-20 01:56:30,256 - train - INFO - [12] Epoch Training................
2023-02-20 02:08:28,486 - train - INFO - Epoch [12], Train Loss : [0.97604] Val Loss : [0.97776] Val F1 : [0.11517]
2023-02-20 02:08:28,487 - train - INFO - ----------------------------------------------------------------------------------------------------
2023-02-20 02:08:28,487 - train - INFO - [13] Epoch Training................
2023-02-20 02:20:26,601 - train - INFO - Epoch [13], Train Loss : [0.95105] Val Loss : [0.97338] Val F1 : [0.11542]
2023-02-20 02:20:26,604 - train - INFO - ----------------------------------------------------------------------------------------------------
2023-02-20 02:20:26,604 - train - INFO - [14] Epoch Training................
2023-02-20 02:32:36,963 - train - INFO - Epoch [14], Train Loss : [0.93485] Val Loss : [0.94197] Val F1 : [0.12763]
2023-02-20 02:32:37,305 - train - INFO - saved new best score model
2023-02-20 02:32:37,306 - train - INFO - ----------------------------------------------------------------------------------------------------
2023-02-20 02:32:37,306 - train - INFO - [15] Epoch Training................
2023-02-20 02:44:24,282 - train - INFO - Epoch [15], Train Loss : [0.92084] Val Loss : [0.94539] Val F1 : [0.13995]
2023-02-20 02:44:24,673 - train - INFO - saved new best score model
2023-02-20 02:44:24,674 - train - INFO - ----------------------------------------------------------------------------------------------------
2023-02-20 02:44:24,674 - train - INFO - [16] Epoch Training................
2023-02-20 02:56:27,727 - train - INFO - Epoch [16], Train Loss : [0.90742] Val Loss : [0.93917] Val F1 : [0.12365]
2023-02-20 02:56:27,728 - train - INFO - ----------------------------------------------------------------------------------------------------
2023-02-20 02:56:27,728 - train - INFO - [17] Epoch Training................
2023-02-20 03:08:38,822 - train - INFO - Epoch [17], Train Loss : [0.90712] Val Loss : [0.96192] Val F1 : [0.12194]
2023-02-20 03:08:38,823 - train - INFO - ----------------------------------------------------------------------------------------------------
2023-02-20 03:08:38,823 - train - INFO - [18] Epoch Training................
2023-02-20 03:20:47,930 - train - INFO - Epoch [18], Train Loss : [0.90319] Val Loss : [0.93669] Val F1 : [0.12165]
2023-02-20 03:20:47,932 - train - INFO - ----------------------------------------------------------------------------------------------------
2023-02-20 03:20:47,932 - train - INFO - [19] Epoch Training................
2023-02-20 03:32:56,358 - train - INFO - Epoch [19], Train Loss : [0.88700] Val Loss : [0.92027] Val F1 : [0.13549]
2023-02-20 03:32:56,359 - train - INFO - ----------------------------------------------------------------------------------------------------
2023-02-20 03:32:56,359 - train - INFO - [20] Epoch Training................
2023-02-20 03:45:45,580 - train - INFO - Epoch [20], Train Loss : [0.88421] Val Loss : [0.90024] Val F1 : [0.14717]
2023-02-20 03:45:46,012 - train - INFO - saved new best score model
2023-02-20 03:45:46,013 - train - INFO - ----------------------------------------------------------------------------------------------------
2023-02-20 03:45:46,013 - train - INFO - [21] Epoch Training................
2023-02-20 03:58:14,963 - train - INFO - Epoch [21], Train Loss : [0.88376] Val Loss : [0.89820] Val F1 : [0.14568]
2023-02-20 03:58:14,965 - train - INFO - ----------------------------------------------------------------------------------------------------
2023-02-20 03:58:14,965 - train - INFO - [22] Epoch Training................
2023-02-20 04:10:06,479 - train - INFO - Epoch [22], Train Loss : [0.88918] Val Loss : [0.92132] Val F1 : [0.12680]
2023-02-20 04:10:06,480 - train - INFO - ----------------------------------------------------------------------------------------------------
2023-02-20 04:10:06,480 - train - INFO - [23] Epoch Training................
2023-02-20 04:22:02,717 - train - INFO - Epoch [23], Train Loss : [0.87165] Val Loss : [0.92701] Val F1 : [0.14462]
2023-02-20 04:22:02,718 - train - INFO - ----------------------------------------------------------------------------------------------------
2023-02-20 04:22:02,719 - train - INFO - [24] Epoch Training................
2023-02-20 04:33:21,349 - train - INFO - Epoch [24], Train Loss : [0.85673] Val Loss : [0.90329] Val F1 : [0.14083]
2023-02-20 04:33:21,350 - train - INFO - ----------------------------------------------------------------------------------------------------
2023-02-20 04:33:21,350 - train - INFO - [25] Epoch Training................
2023-02-20 04:45:11,881 - train - INFO - Epoch [25], Train Loss : [0.86964] Val Loss : [0.88715] Val F1 : [0.14898]
2023-02-20 04:45:12,249 - train - INFO - saved new best score model
2023-02-20 04:45:12,250 - train - INFO - ----------------------------------------------------------------------------------------------------
2023-02-20 04:45:12,250 - train - INFO - [26] Epoch Training................
2023-02-20 04:57:17,439 - train - INFO - Epoch [26], Train Loss : [0.86430] Val Loss : [0.90231] Val F1 : [0.14449]
2023-02-20 04:57:17,440 - train - INFO - ----------------------------------------------------------------------------------------------------
2023-02-20 04:57:17,440 - train - INFO - [27] Epoch Training................
2023-02-20 05:09:20,014 - train - INFO - Epoch [27], Train Loss : [0.85736] Val Loss : [0.90566] Val F1 : [0.13008]
2023-02-20 05:09:20,015 - train - INFO - ----------------------------------------------------------------------------------------------------
2023-02-20 05:09:20,015 - train - INFO - [28] Epoch Training................
2023-02-20 05:21:27,495 - train - INFO - Epoch [28], Train Loss : [0.85073] Val Loss : [0.90529] Val F1 : [0.13008]
2023-02-20 05:21:27,496 - train - INFO - ----------------------------------------------------------------------------------------------------
2023-02-20 05:21:27,496 - train - INFO - [29] Epoch Training................
2023-02-20 05:33:20,618 - train - INFO - Epoch [29], Train Loss : [0.85908] Val Loss : [0.90681] Val F1 : [0.12866]
2023-02-20 05:33:20,619 - train - INFO - ----------------------------------------------------------------------------------------------------
2023-02-20 05:33:20,619 - train - INFO - [30] Epoch Training................
2023-02-20 05:44:56,991 - train - INFO - Epoch [30], Train Loss : [0.87183] Val Loss : [0.89932] Val F1 : [0.14977]
2023-02-20 05:44:57,238 - train - INFO - saved new best score model
2023-02-20 05:44:57,239 - train - INFO - ----------------------------------------------------------------------------------------------------
2023-02-20 05:44:57,239 - train - INFO - [31] Epoch Training................
2023-02-20 05:57:12,754 - train - INFO - Epoch [31], Train Loss : [0.84714] Val Loss : [0.90368] Val F1 : [0.15016]
2023-02-20 05:57:13,107 - train - INFO - saved new best score model
2023-02-20 05:57:13,108 - train - INFO - ----------------------------------------------------------------------------------------------------
2023-02-20 05:57:13,108 - train - INFO - [32] Epoch Training................
2023-02-20 06:09:27,226 - train - INFO - Epoch [32], Train Loss : [0.85958] Val Loss : [0.90502] Val F1 : [0.15064]
2023-02-20 06:09:27,603 - train - INFO - saved new best score model
2023-02-20 06:09:27,604 - train - INFO - ----------------------------------------------------------------------------------------------------
2023-02-20 06:09:27,604 - train - INFO - [33] Epoch Training................
2023-02-20 06:21:38,462 - train - INFO - Epoch [33], Train Loss : [0.86277] Val Loss : [0.90881] Val F1 : [0.14667]
2023-02-20 06:21:38,464 - train - INFO - ----------------------------------------------------------------------------------------------------
2023-02-20 06:21:38,464 - train - INFO - [34] Epoch Training................
2023-02-20 06:33:24,949 - train - INFO - Epoch [34], Train Loss : [0.86045] Val Loss : [0.91158] Val F1 : [0.15032]
2023-02-20 06:33:24,950 - train - INFO - ----------------------------------------------------------------------------------------------------
2023-02-20 06:33:24,950 - train - INFO - [35] Epoch Training................
2023-02-20 06:45:15,622 - train - INFO - Epoch [35], Train Loss : [0.84572] Val Loss : [0.91332] Val F1 : [0.14703]
2023-02-20 06:45:15,623 - train - INFO - ----------------------------------------------------------------------------------------------------
2023-02-20 06:45:15,623 - train - INFO - [36] Epoch Training................
2023-02-20 06:57:02,818 - train - INFO - Epoch [36], Train Loss : [0.85271] Val Loss : [0.91086] Val F1 : [0.14429]
2023-02-20 06:57:02,819 - train - INFO - ----------------------------------------------------------------------------------------------------
2023-02-20 06:57:02,819 - train - INFO - [37] Epoch Training................
2023-02-20 07:09:28,313 - train - INFO - Epoch [37], Train Loss : [0.85812] Val Loss : [0.90271] Val F1 : [0.14910]
2023-02-20 07:09:28,314 - train - INFO - ----------------------------------------------------------------------------------------------------
2023-02-20 07:09:28,314 - train - INFO - [38] Epoch Training................
2023-02-20 07:21:58,301 - train - INFO - Epoch [38], Train Loss : [0.85451] Val Loss : [0.90341] Val F1 : [0.14635]
2023-02-20 07:21:58,303 - train - INFO - ----------------------------------------------------------------------------------------------------
2023-02-20 07:21:58,303 - train - INFO - [39] Epoch Training................
2023-02-20 07:34:18,843 - train - INFO - Epoch [39], Train Loss : [0.85243] Val Loss : [0.90203] Val F1 : [0.14631]
2023-02-20 07:34:18,844 - train - INFO - ----------------------------------------------------------------------------------------------------
2023-02-20 07:34:18,845 - train - INFO - [40] Epoch Training................
2023-02-20 07:46:32,455 - train - INFO - Epoch [40], Train Loss : [0.84303] Val Loss : [0.90504] Val F1 : [0.14703]
2023-02-20 07:46:32,457 - train - INFO - ----------------------------------------------------------------------------------------------------
2023-02-20 07:46:32,457 - train - INFO - [41] Epoch Training................
2023-02-20 07:58:05,157 - train - INFO - Epoch [41], Train Loss : [0.84497] Val Loss : [0.90706] Val F1 : [0.14874]
2023-02-20 07:58:05,159 - train - INFO - ----------------------------------------------------------------------------------------------------
2023-02-20 07:58:05,159 - train - INFO - [42] Epoch Training................
2023-02-20 08:09:18,978 - train - INFO - Epoch [42], Train Loss : [0.84137] Val Loss : [0.90611] Val F1 : [0.14686]
2023-02-20 08:09:18,980 - train - INFO - ----------------------------------------------------------------------------------------------------
2023-02-20 08:09:18,980 - train - INFO - [43] Epoch Training................
2023-02-20 08:20:33,767 - train - INFO - Epoch [43], Train Loss : [0.84102] Val Loss : [0.90697] Val F1 : [0.14686]
2023-02-20 08:20:33,768 - train - INFO - ----------------------------------------------------------------------------------------------------
2023-02-20 08:20:33,768 - train - INFO - [44] Epoch Training................
2023-02-20 08:31:23,893 - train - INFO - Epoch [44], Train Loss : [0.84170] Val Loss : [0.90470] Val F1 : [0.14826]
2023-02-20 08:31:23,894 - train - INFO - ----------------------------------------------------------------------------------------------------
2023-02-20 08:31:23,894 - train - INFO - [45] Epoch Training................
2023-02-20 08:43:25,574 - train - INFO - Epoch [45], Train Loss : [0.83937] Val Loss : [0.90462] Val F1 : [0.14815]
2023-02-20 08:43:25,575 - train - INFO - ----------------------------------------------------------------------------------------------------
2023-02-20 08:43:25,576 - train - INFO - [46] Epoch Training................
2023-02-20 08:55:29,779 - train - INFO - Epoch [46], Train Loss : [0.83089] Val Loss : [0.90564] Val F1 : [0.14874]
2023-02-20 08:55:29,781 - train - INFO - ----------------------------------------------------------------------------------------------------
2023-02-20 08:55:29,781 - train - INFO - [47] Epoch Training................
2023-02-20 09:06:54,704 - train - INFO - Epoch [47], Train Loss : [0.85705] Val Loss : [0.90487] Val F1 : [0.14874]
2023-02-20 09:06:54,705 - train - INFO - ----------------------------------------------------------------------------------------------------
2023-02-20 09:06:54,705 - train - INFO - [48] Epoch Training................
2023-02-20 09:19:13,736 - train - INFO - Epoch [48], Train Loss : [0.85605] Val Loss : [0.90463] Val F1 : [0.14815]
2023-02-20 09:19:13,737 - train - INFO - ----------------------------------------------------------------------------------------------------
2023-02-20 09:19:13,738 - train - INFO - [49] Epoch Training................
2023-02-20 09:31:43,398 - train - INFO - Epoch [49], Train Loss : [0.84982] Val Loss : [0.90477] Val F1 : [0.14788]
2023-02-20 09:31:43,399 - train - INFO - ----------------------------------------------------------------------------------------------------
2023-02-20 09:31:43,399 - train - INFO - [50] Epoch Training................
2023-02-20 09:44:19,472 - train - INFO - Epoch [50], Train Loss : [0.84070] Val Loss : [0.90487] Val F1 : [0.14826]
2023-02-20 09:44:19,473 - train - INFO - ----------------------------------------------------------------------------------------------------
2023-02-20 09:44:19,473 - train - INFO - [51] Epoch Training................
2023-02-20 09:56:43,999 - train - INFO - Epoch [51], Train Loss : [0.84561] Val Loss : [0.90478] Val F1 : [0.14815]
2023-02-20 09:56:44,000 - train - INFO - ----------------------------------------------------------------------------------------------------
2023-02-20 09:56:44,000 - train - INFO - [52] Epoch Training................
2023-02-20 10:09:08,770 - train - INFO - Epoch [52], Train Loss : [0.84499] Val Loss : [0.90444] Val F1 : [0.14826]
2023-02-20 10:09:08,773 - train - INFO - ----------------------------------------------------------------------------------------------------
2023-02-20 10:09:08,773 - train - INFO - [53] Epoch Training................
2023-02-20 10:21:38,900 - train - INFO - Epoch [53], Train Loss : [0.84813] Val Loss : [0.90448] Val F1 : [0.14826]
2023-02-20 10:21:38,901 - train - INFO - ----------------------------------------------------------------------------------------------------
2023-02-20 10:21:38,901 - train - INFO - [54] Epoch Training................
2023-02-20 10:33:59,057 - train - INFO - Epoch [54], Train Loss : [0.84736] Val Loss : [0.90436] Val F1 : [0.14815]
2023-02-20 10:33:59,059 - train - INFO - ----------------------------------------------------------------------------------------------------
2023-02-20 10:33:59,060 - train - INFO - [55] Epoch Training................
2023-02-20 10:46:40,534 - train - INFO - Epoch [55], Train Loss : [0.85175] Val Loss : [0.90393] Val F1 : [0.14815]
2023-02-20 10:46:40,536 - train - INFO - ----------------------------------------------------------------------------------------------------
2023-02-20 10:46:40,536 - train - INFO - [56] Epoch Training................
2023-02-20 10:59:10,929 - train - INFO - Epoch [56], Train Loss : [0.84695] Val Loss : [0.90408] Val F1 : [0.14815]
2023-02-20 10:59:10,930 - train - INFO - ----------------------------------------------------------------------------------------------------
2023-02-20 10:59:10,930 - train - INFO - [57] Epoch Training................
2023-02-20 11:11:42,694 - train - INFO - Epoch [57], Train Loss : [0.84519] Val Loss : [0.90405] Val F1 : [0.14815]
2023-02-20 11:11:42,695 - train - INFO - ----------------------------------------------------------------------------------------------------
2023-02-20 11:11:42,695 - train - INFO - [58] Epoch Training................
