2023-02-23 10:39:41,968 - train - INFO - Namespace(batch_size=8, epochs=40, gpu='1,2', img_size=128, lr=0.0003, num_class=13, save_dir='./save_log', save_name='0223seed', seed=777, vide_length=50)
2023-02-23 10:39:45,413 - train - INFO - ----------------------------------------------------------------------------------------------------
2023-02-23 10:39:45,413 - train - INFO - [1] Epoch Training................
2023-02-23 10:53:34,390 - train - INFO - Epoch [1], Train Loss : [25.87767] Val Loss : [12.00323] Val score : [0.19087] Val ego F1 : [0.7968] Val weather F1 : [0.2661] Val timing F1 : [0.9003]
2023-02-23 10:53:34,925 - train - INFO - saved new best score model
2023-02-23 10:53:34,927 - train - INFO - ----------------------------------------------------------------------------------------------------
2023-02-23 10:53:34,927 - train - INFO - [2] Epoch Training................
2023-02-23 11:04:58,617 - train - INFO - Epoch [2], Train Loss : [7.50989] Val Loss : [4.38552] Val score : [0.23494] Val ego F1 : [0.8317] Val weather F1 : [0.3038] Val timing F1 : [0.9299]
2023-02-23 11:04:59,260 - train - INFO - saved new best score model
2023-02-23 11:04:59,263 - train - INFO - ----------------------------------------------------------------------------------------------------
2023-02-23 11:04:59,263 - train - INFO - [3] Epoch Training................
2023-02-23 11:17:25,484 - train - INFO - Epoch [3], Train Loss : [6.29829] Val Loss : [5.01418] Val score : [0.23465] Val ego F1 : [0.8488] Val weather F1 : [0.3038] Val timing F1 : [0.9101]
2023-02-23 11:17:25,485 - train - INFO - ----------------------------------------------------------------------------------------------------
2023-02-23 11:17:25,486 - train - INFO - [4] Epoch Training................
2023-02-23 11:31:57,603 - train - INFO - Epoch [4], Train Loss : [4.63266] Val Loss : [3.12826] Val score : [0.23447] Val ego F1 : [0.8114] Val weather F1 : [0.3038] Val timing F1 : [0.9513]
2023-02-23 11:31:57,605 - train - INFO - ----------------------------------------------------------------------------------------------------
2023-02-23 11:31:57,605 - train - INFO - [5] Epoch Training................
2023-02-23 11:43:47,705 - train - INFO - Epoch [5], Train Loss : [3.23841] Val Loss : [1.62058] Val score : [0.25573] Val ego F1 : [0.8813] Val weather F1 : [0.3038] Val timing F1 : [0.9553]
2023-02-23 11:43:48,418 - train - INFO - saved new best score model
2023-02-23 11:43:48,420 - train - INFO - ----------------------------------------------------------------------------------------------------
2023-02-23 11:43:48,421 - train - INFO - [6] Epoch Training................
2023-02-23 11:55:14,523 - train - INFO - Epoch [6], Train Loss : [1.97760] Val Loss : [1.51139] Val score : [0.28255] Val ego F1 : [0.8958] Val weather F1 : [0.3271] Val timing F1 : [0.9642]
2023-02-23 11:55:15,159 - train - INFO - saved new best score model
2023-02-23 11:55:15,160 - train - INFO - ----------------------------------------------------------------------------------------------------
2023-02-23 11:55:15,160 - train - INFO - [7] Epoch Training................
2023-02-23 12:06:33,196 - train - INFO - Epoch [7], Train Loss : [1.81562] Val Loss : [1.28989] Val score : [0.38728] Val ego F1 : [0.8668] Val weather F1 : [0.4750] Val timing F1 : [0.9406]
2023-02-23 12:06:33,888 - train - INFO - saved new best score model
2023-02-23 12:06:33,890 - train - INFO - ----------------------------------------------------------------------------------------------------
2023-02-23 12:06:33,890 - train - INFO - [8] Epoch Training................
2023-02-23 12:17:38,153 - train - INFO - Epoch [8], Train Loss : [1.73715] Val Loss : [1.54790] Val score : [0.47105] Val ego F1 : [0.8812] Val weather F1 : [0.5544] Val timing F1 : [0.9642]
2023-02-23 12:17:38,862 - train - INFO - saved new best score model
2023-02-23 12:17:38,863 - train - INFO - ----------------------------------------------------------------------------------------------------
2023-02-23 12:17:38,863 - train - INFO - [9] Epoch Training................
2023-02-23 12:28:42,990 - train - INFO - Epoch [9], Train Loss : [1.70966] Val Loss : [1.30283] Val score : [0.60965] Val ego F1 : [0.9075] Val weather F1 : [0.7258] Val timing F1 : [0.9255]
2023-02-23 12:28:43,659 - train - INFO - saved new best score model
2023-02-23 12:28:43,660 - train - INFO - ----------------------------------------------------------------------------------------------------
2023-02-23 12:28:43,661 - train - INFO - [10] Epoch Training................
2023-02-23 12:40:22,141 - train - INFO - Epoch [10], Train Loss : [1.90914] Val Loss : [1.78092] Val score : [0.55310] Val ego F1 : [0.8565] Val weather F1 : [0.6698] Val timing F1 : [0.9642]
2023-02-23 12:40:22,143 - train - INFO - ----------------------------------------------------------------------------------------------------
2023-02-23 12:40:22,143 - train - INFO - [11] Epoch Training................
2023-02-23 12:51:34,670 - train - INFO - Epoch [11], Train Loss : [1.89853] Val Loss : [1.12452] Val score : [0.66896] Val ego F1 : [0.9088] Val weather F1 : [0.7600] Val timing F1 : [0.9686]
2023-02-23 12:51:35,381 - train - INFO - saved new best score model
2023-02-23 12:51:35,383 - train - INFO - ----------------------------------------------------------------------------------------------------
2023-02-23 12:51:35,383 - train - INFO - [12] Epoch Training................
2023-02-23 13:03:13,176 - train - INFO - Epoch [12], Train Loss : [1.76774] Val Loss : [1.95831] Val score : [0.75453] Val ego F1 : [0.9161] Val weather F1 : [0.8671] Val timing F1 : [0.9498]
2023-02-23 13:03:13,877 - train - INFO - saved new best score model
2023-02-23 13:03:13,879 - train - INFO - ----------------------------------------------------------------------------------------------------
2023-02-23 13:03:13,879 - train - INFO - [13] Epoch Training................
2023-02-23 15:25:15,582 - train - INFO - Epoch [13], Train Loss : [1.32886] Val Loss : [1.15583] Val score : [0.66906] Val ego F1 : [0.9293] Val weather F1 : [0.7537] Val timing F1 : [0.9553]
2023-02-23 15:25:15,583 - train - INFO - ----------------------------------------------------------------------------------------------------
2023-02-23 15:25:15,584 - train - INFO - [14] Epoch Training................
2023-02-23 15:40:04,277 - train - INFO - Epoch [14], Train Loss : [1.24074] Val Loss : [2.23505] Val score : [0.48071] Val ego F1 : [0.9178] Val weather F1 : [0.5453] Val timing F1 : [0.9605]
2023-02-23 15:40:04,280 - train - INFO - ----------------------------------------------------------------------------------------------------
2023-02-23 15:40:04,280 - train - INFO - [15] Epoch Training................
2023-02-23 15:55:01,874 - train - INFO - Epoch [15], Train Loss : [1.15807] Val Loss : [0.95932] Val score : [0.72124] Val ego F1 : [0.8847] Val weather F1 : [0.8338] Val timing F1 : [0.9777]
2023-02-23 15:55:01,876 - train - INFO - ----------------------------------------------------------------------------------------------------
2023-02-23 15:55:01,876 - train - INFO - [16] Epoch Training................
