2023-02-19 23:48:19,829 - train - INFO - Namespace(batch_size=8, epochs=300, img_size=128, lr=0.0003, num_class=13, save_dir='./save_log', save_name='0219vivit', seed=7777, vide_length=50)
2023-02-19 23:48:23,183 - train - INFO - ----------------------------------------------------------------------------------------------------
2023-02-19 23:48:23,183 - train - INFO - [1] Epoch Training................
2023-02-19 23:59:55,523 - train - INFO - Epoch [1], Train Loss : [1.36078] Val Loss : [1.23096] Val F1 : [0.06133]
2023-02-19 23:59:55,996 - train - INFO - saved new best score model
2023-02-19 23:59:55,997 - train - INFO - ----------------------------------------------------------------------------------------------------
2023-02-19 23:59:55,998 - train - INFO - [2] Epoch Training................
2023-02-20 00:11:12,182 - train - INFO - Epoch [2], Train Loss : [1.25527] Val Loss : [1.21992] Val F1 : [0.07568]
2023-02-20 00:11:12,877 - train - INFO - saved new best score model
2023-02-20 00:11:12,878 - train - INFO - ----------------------------------------------------------------------------------------------------
2023-02-20 00:11:12,878 - train - INFO - [3] Epoch Training................
2023-02-20 00:22:56,386 - train - INFO - Epoch [3], Train Loss : [1.23706] Val Loss : [1.23420] Val F1 : [0.06133]
2023-02-20 00:22:56,388 - train - INFO - ----------------------------------------------------------------------------------------------------
2023-02-20 00:22:56,388 - train - INFO - [4] Epoch Training................
2023-02-20 00:33:13,446 - train - INFO - Epoch [4], Train Loss : [1.24581] Val Loss : [1.23807] Val F1 : [0.07161]
2023-02-20 00:33:13,448 - train - INFO - ----------------------------------------------------------------------------------------------------
2023-02-20 00:33:13,448 - train - INFO - [5] Epoch Training................
2023-02-20 00:43:36,806 - train - INFO - Epoch [5], Train Loss : [1.25668] Val Loss : [1.31972] Val F1 : [0.06133]
2023-02-20 00:43:36,807 - train - INFO - ----------------------------------------------------------------------------------------------------
2023-02-20 00:43:36,807 - train - INFO - [6] Epoch Training................
2023-02-20 00:54:12,299 - train - INFO - Epoch [6], Train Loss : [1.22981] Val Loss : [1.24826] Val F1 : [0.06113]
2023-02-20 00:54:12,301 - train - INFO - ----------------------------------------------------------------------------------------------------
2023-02-20 00:54:12,301 - train - INFO - [7] Epoch Training................
2023-02-20 01:04:41,617 - train - INFO - Epoch [7], Train Loss : [1.26524] Val Loss : [1.25315] Val F1 : [0.06133]
2023-02-20 01:04:41,619 - train - INFO - ----------------------------------------------------------------------------------------------------
2023-02-20 01:04:41,619 - train - INFO - [8] Epoch Training................
2023-02-20 01:14:47,656 - train - INFO - Epoch [8], Train Loss : [1.25626] Val Loss : [1.22117] Val F1 : [0.06133]
2023-02-20 01:14:47,658 - train - INFO - ----------------------------------------------------------------------------------------------------
2023-02-20 01:14:47,658 - train - INFO - [9] Epoch Training................
2023-02-20 01:24:57,146 - train - INFO - Epoch [9], Train Loss : [1.22737] Val Loss : [1.20417] Val F1 : [0.06123]
2023-02-20 01:24:57,148 - train - INFO - ----------------------------------------------------------------------------------------------------
2023-02-20 01:24:57,149 - train - INFO - [10] Epoch Training................
2023-02-20 01:35:12,084 - train - INFO - Epoch [10], Train Loss : [1.19623] Val Loss : [1.16993] Val F1 : [0.06126]
2023-02-20 01:35:12,086 - train - INFO - ----------------------------------------------------------------------------------------------------
2023-02-20 01:35:12,086 - train - INFO - [11] Epoch Training................
2023-02-20 01:45:36,138 - train - INFO - Epoch [11], Train Loss : [1.18273] Val Loss : [1.14039] Val F1 : [0.08015]
2023-02-20 01:45:36,793 - train - INFO - saved new best score model
2023-02-20 01:45:36,795 - train - INFO - ----------------------------------------------------------------------------------------------------
2023-02-20 01:45:36,795 - train - INFO - [12] Epoch Training................
2023-02-20 01:55:37,964 - train - INFO - Epoch [12], Train Loss : [1.15942] Val Loss : [1.20253] Val F1 : [0.06123]
2023-02-20 01:55:37,965 - train - INFO - ----------------------------------------------------------------------------------------------------
2023-02-20 01:55:37,965 - train - INFO - [13] Epoch Training................
2023-02-20 02:05:44,543 - train - INFO - Epoch [13], Train Loss : [1.16277] Val Loss : [1.13177] Val F1 : [0.06387]
2023-02-20 02:05:44,545 - train - INFO - ----------------------------------------------------------------------------------------------------
2023-02-20 02:05:44,545 - train - INFO - [14] Epoch Training................
2023-02-20 02:16:35,776 - train - INFO - Epoch [14], Train Loss : [1.12930] Val Loss : [1.13869] Val F1 : [0.08590]
2023-02-20 02:16:36,440 - train - INFO - saved new best score model
2023-02-20 02:16:36,442 - train - INFO - ----------------------------------------------------------------------------------------------------
2023-02-20 02:16:36,443 - train - INFO - [15] Epoch Training................
2023-02-20 02:27:08,450 - train - INFO - Epoch [15], Train Loss : [1.12629] Val Loss : [1.12503] Val F1 : [0.08628]
2023-02-20 02:27:09,179 - train - INFO - saved new best score model
2023-02-20 02:27:09,180 - train - INFO - ----------------------------------------------------------------------------------------------------
2023-02-20 02:27:09,181 - train - INFO - [16] Epoch Training................
2023-02-20 02:38:03,636 - train - INFO - Epoch [16], Train Loss : [1.12477] Val Loss : [1.12788] Val F1 : [0.06971]
2023-02-20 02:38:03,638 - train - INFO - ----------------------------------------------------------------------------------------------------
2023-02-20 02:38:03,638 - train - INFO - [17] Epoch Training................
2023-02-20 02:48:26,982 - train - INFO - Epoch [17], Train Loss : [1.15083] Val Loss : [1.13006] Val F1 : [0.06123]
2023-02-20 02:48:26,984 - train - INFO - ----------------------------------------------------------------------------------------------------
2023-02-20 02:48:26,984 - train - INFO - [18] Epoch Training................
2023-02-20 02:59:07,325 - train - INFO - Epoch [18], Train Loss : [1.11755] Val Loss : [1.07186] Val F1 : [0.08779]
2023-02-20 02:59:08,001 - train - INFO - saved new best score model
2023-02-20 02:59:08,003 - train - INFO - ----------------------------------------------------------------------------------------------------
2023-02-20 02:59:08,003 - train - INFO - [19] Epoch Training................
2023-02-20 03:09:15,935 - train - INFO - Epoch [19], Train Loss : [1.10255] Val Loss : [1.10458] Val F1 : [0.06133]
2023-02-20 03:09:15,936 - train - INFO - ----------------------------------------------------------------------------------------------------
2023-02-20 03:09:15,937 - train - INFO - [20] Epoch Training................
2023-02-20 03:19:32,767 - train - INFO - Epoch [20], Train Loss : [1.09911] Val Loss : [1.08563] Val F1 : [0.08734]
2023-02-20 03:19:32,769 - train - INFO - ----------------------------------------------------------------------------------------------------
2023-02-20 03:19:32,769 - train - INFO - [21] Epoch Training................
2023-02-20 03:29:36,322 - train - INFO - Epoch [21], Train Loss : [1.08763] Val Loss : [1.08584] Val F1 : [0.09225]
2023-02-20 03:29:37,048 - train - INFO - saved new best score model
2023-02-20 03:29:37,050 - train - INFO - ----------------------------------------------------------------------------------------------------
2023-02-20 03:29:37,050 - train - INFO - [22] Epoch Training................
2023-02-20 03:40:30,091 - train - INFO - Epoch [22], Train Loss : [1.08246] Val Loss : [1.08453] Val F1 : [0.07855]
2023-02-20 03:40:30,094 - train - INFO - ----------------------------------------------------------------------------------------------------
2023-02-20 03:40:30,094 - train - INFO - [23] Epoch Training................
2023-02-20 03:53:28,486 - train - INFO - Epoch [23], Train Loss : [1.05948] Val Loss : [1.05819] Val F1 : [0.08209]
2023-02-20 03:53:28,488 - train - INFO - ----------------------------------------------------------------------------------------------------
2023-02-20 03:53:28,488 - train - INFO - [24] Epoch Training................
2023-02-20 04:05:30,362 - train - INFO - Epoch [24], Train Loss : [1.05953] Val Loss : [1.06084] Val F1 : [0.11390]
2023-02-20 04:05:31,028 - train - INFO - saved new best score model
2023-02-20 04:05:31,029 - train - INFO - ----------------------------------------------------------------------------------------------------
2023-02-20 04:05:31,029 - train - INFO - [25] Epoch Training................
2023-02-20 04:17:15,629 - train - INFO - Epoch [25], Train Loss : [1.07277] Val Loss : [1.06914] Val F1 : [0.08184]
2023-02-20 04:17:15,632 - train - INFO - ----------------------------------------------------------------------------------------------------
2023-02-20 04:17:15,633 - train - INFO - [26] Epoch Training................
2023-02-20 04:28:58,760 - train - INFO - Epoch [26], Train Loss : [1.08236] Val Loss : [1.05743] Val F1 : [0.08708]
2023-02-20 04:28:58,762 - train - INFO - ----------------------------------------------------------------------------------------------------
2023-02-20 04:28:58,762 - train - INFO - [27] Epoch Training................
2023-02-20 04:40:07,321 - train - INFO - Epoch [27], Train Loss : [1.04349] Val Loss : [1.04103] Val F1 : [0.08646]
2023-02-20 04:40:07,322 - train - INFO - ----------------------------------------------------------------------------------------------------
2023-02-20 04:40:07,322 - train - INFO - [28] Epoch Training................
2023-02-20 04:50:10,112 - train - INFO - Epoch [28], Train Loss : [1.02884] Val Loss : [1.05383] Val F1 : [0.07968]
2023-02-20 04:50:10,115 - train - INFO - ----------------------------------------------------------------------------------------------------
2023-02-20 04:50:10,115 - train - INFO - [29] Epoch Training................
2023-02-20 05:00:20,739 - train - INFO - Epoch [29], Train Loss : [1.03691] Val Loss : [1.06422] Val F1 : [0.07910]
2023-02-20 05:00:20,742 - train - INFO - ----------------------------------------------------------------------------------------------------
2023-02-20 05:00:20,742 - train - INFO - [30] Epoch Training................
2023-02-20 05:10:33,104 - train - INFO - Epoch [30], Train Loss : [1.02302] Val Loss : [1.04496] Val F1 : [0.09807]
2023-02-20 05:10:33,106 - train - INFO - ----------------------------------------------------------------------------------------------------
2023-02-20 05:10:33,106 - train - INFO - [31] Epoch Training................
2023-02-20 05:20:38,375 - train - INFO - Epoch [31], Train Loss : [1.00700] Val Loss : [1.02734] Val F1 : [0.07848]
2023-02-20 05:20:38,377 - train - INFO - ----------------------------------------------------------------------------------------------------
2023-02-20 05:20:38,377 - train - INFO - [32] Epoch Training................
2023-02-20 05:30:41,667 - train - INFO - Epoch [32], Train Loss : [1.00350] Val Loss : [1.02685] Val F1 : [0.08272]
2023-02-20 05:30:41,669 - train - INFO - ----------------------------------------------------------------------------------------------------
2023-02-20 05:30:41,669 - train - INFO - [33] Epoch Training................
2023-02-20 05:41:10,778 - train - INFO - Epoch [33], Train Loss : [0.99444] Val Loss : [1.02852] Val F1 : [0.07963]
2023-02-20 05:41:10,780 - train - INFO - ----------------------------------------------------------------------------------------------------
2023-02-20 05:41:10,780 - train - INFO - [34] Epoch Training................
2023-02-20 05:51:10,969 - train - INFO - Epoch [34], Train Loss : [0.98778] Val Loss : [1.03139] Val F1 : [0.10116]
2023-02-20 05:51:10,971 - train - INFO - ----------------------------------------------------------------------------------------------------
2023-02-20 05:51:10,971 - train - INFO - [35] Epoch Training................
2023-02-20 06:02:25,888 - train - INFO - Epoch [35], Train Loss : [0.98829] Val Loss : [1.03499] Val F1 : [0.08549]
2023-02-20 06:02:25,891 - train - INFO - ----------------------------------------------------------------------------------------------------
2023-02-20 06:02:25,891 - train - INFO - [36] Epoch Training................
2023-02-20 06:13:39,676 - train - INFO - Epoch [36], Train Loss : [0.98640] Val Loss : [1.02827] Val F1 : [0.09425]
2023-02-20 06:13:39,677 - train - INFO - ----------------------------------------------------------------------------------------------------
2023-02-20 06:13:39,677 - train - INFO - [37] Epoch Training................
2023-02-20 06:24:56,109 - train - INFO - Epoch [37], Train Loss : [0.98835] Val Loss : [1.02692] Val F1 : [0.09618]
2023-02-20 06:24:56,111 - train - INFO - ----------------------------------------------------------------------------------------------------
2023-02-20 06:24:56,111 - train - INFO - [38] Epoch Training................
2023-02-20 06:35:29,265 - train - INFO - Epoch [38], Train Loss : [0.98046] Val Loss : [1.02638] Val F1 : [0.09582]
2023-02-20 06:35:29,266 - train - INFO - ----------------------------------------------------------------------------------------------------
2023-02-20 06:35:29,266 - train - INFO - [39] Epoch Training................
2023-02-20 06:46:02,859 - train - INFO - Epoch [39], Train Loss : [0.96316] Val Loss : [1.03345] Val F1 : [0.09386]
2023-02-20 06:46:02,861 - train - INFO - ----------------------------------------------------------------------------------------------------
2023-02-20 06:46:02,862 - train - INFO - [40] Epoch Training................
2023-02-20 06:56:13,106 - train - INFO - Epoch [40], Train Loss : [0.97472] Val Loss : [1.03563] Val F1 : [0.09520]
2023-02-20 06:56:13,108 - train - INFO - ----------------------------------------------------------------------------------------------------
2023-02-20 06:56:13,109 - train - INFO - [41] Epoch Training................
2023-02-20 07:07:34,028 - train - INFO - Epoch [41], Train Loss : [0.96875] Val Loss : [1.03452] Val F1 : [0.09708]
2023-02-20 07:07:34,031 - train - INFO - ----------------------------------------------------------------------------------------------------
2023-02-20 07:07:34,031 - train - INFO - [42] Epoch Training................
2023-02-20 07:18:00,693 - train - INFO - Epoch [42], Train Loss : [0.96700] Val Loss : [1.03669] Val F1 : [0.09272]
2023-02-20 07:18:00,695 - train - INFO - ----------------------------------------------------------------------------------------------------
2023-02-20 07:18:00,695 - train - INFO - [43] Epoch Training................
2023-02-20 07:27:59,405 - train - INFO - Epoch [43], Train Loss : [0.96172] Val Loss : [1.03890] Val F1 : [0.09264]
2023-02-20 07:27:59,407 - train - INFO - ----------------------------------------------------------------------------------------------------
2023-02-20 07:27:59,407 - train - INFO - [44] Epoch Training................
2023-02-20 07:38:05,662 - train - INFO - Epoch [44], Train Loss : [0.96695] Val Loss : [1.03486] Val F1 : [0.09438]
2023-02-20 07:38:05,663 - train - INFO - ----------------------------------------------------------------------------------------------------
2023-02-20 07:38:05,663 - train - INFO - [45] Epoch Training................
2023-02-20 07:48:22,108 - train - INFO - Epoch [45], Train Loss : [0.96245] Val Loss : [1.04026] Val F1 : [0.09148]
2023-02-20 07:48:22,110 - train - INFO - ----------------------------------------------------------------------------------------------------
2023-02-20 07:48:22,110 - train - INFO - [46] Epoch Training................
2023-02-20 07:59:17,827 - train - INFO - Epoch [46], Train Loss : [0.95701] Val Loss : [1.03998] Val F1 : [0.09305]
2023-02-20 07:59:17,829 - train - INFO - ----------------------------------------------------------------------------------------------------
2023-02-20 07:59:17,830 - train - INFO - [47] Epoch Training................
2023-02-20 08:10:31,191 - train - INFO - Epoch [47], Train Loss : [0.95385] Val Loss : [1.04035] Val F1 : [0.09350]
2023-02-20 08:10:31,194 - train - INFO - ----------------------------------------------------------------------------------------------------
2023-02-20 08:10:31,194 - train - INFO - [48] Epoch Training................
2023-02-20 08:21:41,192 - train - INFO - Epoch [48], Train Loss : [0.95789] Val Loss : [1.03800] Val F1 : [0.09288]
2023-02-20 08:21:41,195 - train - INFO - ----------------------------------------------------------------------------------------------------
2023-02-20 08:21:41,195 - train - INFO - [49] Epoch Training................
2023-02-20 08:33:05,145 - train - INFO - Epoch [49], Train Loss : [0.95617] Val Loss : [1.03838] Val F1 : [0.09309]
2023-02-20 08:33:05,147 - train - INFO - ----------------------------------------------------------------------------------------------------
2023-02-20 08:33:05,147 - train - INFO - [50] Epoch Training................
2023-02-20 08:43:32,323 - train - INFO - Epoch [50], Train Loss : [0.96480] Val Loss : [1.03793] Val F1 : [0.09308]
2023-02-20 08:43:32,325 - train - INFO - ----------------------------------------------------------------------------------------------------
2023-02-20 08:43:32,325 - train - INFO - [51] Epoch Training................
2023-02-20 08:53:55,807 - train - INFO - Epoch [51], Train Loss : [0.95968] Val Loss : [1.03663] Val F1 : [0.09285]
2023-02-20 08:53:55,808 - train - INFO - ----------------------------------------------------------------------------------------------------
2023-02-20 08:53:55,808 - train - INFO - [52] Epoch Training................
2023-02-20 09:05:13,058 - train - INFO - Epoch [52], Train Loss : [0.95082] Val Loss : [1.03731] Val F1 : [0.09285]
2023-02-20 09:05:13,059 - train - INFO - ----------------------------------------------------------------------------------------------------
2023-02-20 09:05:13,059 - train - INFO - [53] Epoch Training................
2023-02-20 09:16:44,471 - train - INFO - Epoch [53], Train Loss : [0.95850] Val Loss : [1.03813] Val F1 : [0.09297]
2023-02-20 09:16:44,473 - train - INFO - ----------------------------------------------------------------------------------------------------
2023-02-20 09:16:44,473 - train - INFO - [54] Epoch Training................
2023-02-20 09:28:16,362 - train - INFO - Epoch [54], Train Loss : [0.95741] Val Loss : [1.03749] Val F1 : [0.09318]
2023-02-20 09:28:16,364 - train - INFO - ----------------------------------------------------------------------------------------------------
2023-02-20 09:28:16,364 - train - INFO - [55] Epoch Training................
2023-02-20 09:39:58,739 - train - INFO - Epoch [55], Train Loss : [0.94576] Val Loss : [1.03674] Val F1 : [0.09309]
2023-02-20 09:39:58,741 - train - INFO - ----------------------------------------------------------------------------------------------------
2023-02-20 09:39:58,741 - train - INFO - [56] Epoch Training................
2023-02-20 09:50:19,313 - train - INFO - Epoch [56], Train Loss : [0.95914] Val Loss : [1.03733] Val F1 : [0.09351]
2023-02-20 09:50:19,316 - train - INFO - ----------------------------------------------------------------------------------------------------
2023-02-20 09:50:19,316 - train - INFO - [57] Epoch Training................
2023-02-20 10:00:48,792 - train - INFO - Epoch [57], Train Loss : [0.95460] Val Loss : [1.03703] Val F1 : [0.09330]
2023-02-20 10:00:48,795 - train - INFO - ----------------------------------------------------------------------------------------------------
2023-02-20 10:00:48,795 - train - INFO - [58] Epoch Training................
2023-02-20 10:11:04,346 - train - INFO - Epoch [58], Train Loss : [0.95247] Val Loss : [1.03735] Val F1 : [0.09351]
2023-02-20 10:11:04,347 - train - INFO - ----------------------------------------------------------------------------------------------------
2023-02-20 10:11:04,347 - train - INFO - [59] Epoch Training................
2023-02-20 10:21:21,937 - train - INFO - Epoch [59], Train Loss : [0.95273] Val Loss : [1.03710] Val F1 : [0.09361]
2023-02-20 10:21:21,938 - train - INFO - ----------------------------------------------------------------------------------------------------
2023-02-20 10:21:21,938 - train - INFO - [60] Epoch Training................
2023-02-20 10:33:41,429 - train - INFO - Epoch [60], Train Loss : [0.95807] Val Loss : [1.03707] Val F1 : [0.09330]
2023-02-20 10:33:41,430 - train - INFO - ----------------------------------------------------------------------------------------------------
2023-02-20 10:33:41,430 - train - INFO - [61] Epoch Training................
2023-02-20 10:44:34,216 - train - INFO - Epoch [61], Train Loss : [0.94503] Val Loss : [1.03711] Val F1 : [0.09330]
2023-02-20 10:44:34,217 - train - INFO - ----------------------------------------------------------------------------------------------------
2023-02-20 10:44:34,218 - train - INFO - [62] Epoch Training................
2023-02-20 10:55:02,512 - train - INFO - Epoch [62], Train Loss : [0.94659] Val Loss : [1.03724] Val F1 : [0.09351]
2023-02-20 10:55:02,514 - train - INFO - ----------------------------------------------------------------------------------------------------
2023-02-20 10:55:02,514 - train - INFO - [63] Epoch Training................
2023-02-20 11:05:44,972 - train - INFO - Epoch [63], Train Loss : [0.95913] Val Loss : [1.03726] Val F1 : [0.09330]
2023-02-20 11:05:44,974 - train - INFO - ----------------------------------------------------------------------------------------------------
2023-02-20 11:05:44,974 - train - INFO - [64] Epoch Training................
2023-02-20 11:16:00,425 - train - INFO - Epoch [64], Train Loss : [0.95649] Val Loss : [1.03731] Val F1 : [0.09330]
2023-02-20 11:16:00,426 - train - INFO - ----------------------------------------------------------------------------------------------------
2023-02-20 11:16:00,426 - train - INFO - [65] Epoch Training................
