2023-03-01 22:28:32,610 - train - INFO - Namespace(batch_size=8, epochs=100, gpu='1,2', img_size=128, lr=0.0003, num_class=13, save_dir='./save_log', save_name='0302conv', seed=7777, vide_length=50)
2023-03-01 22:28:43,441 - train - INFO - ----------------------------------------------------------------------------------------------------
2023-03-01 22:28:43,441 - train - INFO - [1] Epoch Training................
2023-03-01 22:42:43,698 - train - INFO - Epoch [1], Train Loss : [6.89528] Val Loss : [1.44698] Val score : [0.43539] Val ego F1 : [0.8500] Val weather F1 : [0.5292] Val timing F1 : [0.9680]
2023-03-01 22:42:46,126 - train - INFO - saved new best score model
2023-03-01 22:42:46,131 - train - INFO - ----------------------------------------------------------------------------------------------------
2023-03-01 22:42:46,131 - train - INFO - [2] Epoch Training................
2023-03-01 22:54:39,973 - train - INFO - Epoch [2], Train Loss : [1.29550] Val Loss : [1.35640] Val score : [0.34105] Val ego F1 : [0.8627] Val weather F1 : [0.4136] Val timing F1 : [0.9559]
2023-03-01 22:54:39,976 - train - INFO - ----------------------------------------------------------------------------------------------------
2023-03-01 22:54:39,976 - train - INFO - [3] Epoch Training................
2023-03-01 23:06:31,682 - train - INFO - Epoch [3], Train Loss : [1.20212] Val Loss : [1.25129] Val score : [0.63472] Val ego F1 : [0.8557] Val weather F1 : [0.7727] Val timing F1 : [0.9600]
2023-03-01 23:06:35,144 - train - INFO - saved new best score model
2023-03-01 23:06:35,148 - train - INFO - ----------------------------------------------------------------------------------------------------
2023-03-01 23:06:35,148 - train - INFO - [4] Epoch Training................
2023-03-01 23:18:30,077 - train - INFO - Epoch [4], Train Loss : [1.10638] Val Loss : [1.20292] Val score : [0.54058] Val ego F1 : [0.8446] Val weather F1 : [0.6788] Val timing F1 : [0.9429]
2023-03-01 23:18:30,080 - train - INFO - ----------------------------------------------------------------------------------------------------
2023-03-01 23:18:30,080 - train - INFO - [5] Epoch Training................
2023-03-01 23:30:08,415 - train - INFO - Epoch [5], Train Loss : [1.06792] Val Loss : [1.16059] Val score : [0.63450] Val ego F1 : [0.9195] Val weather F1 : [0.7256] Val timing F1 : [0.9510]
2023-03-01 23:30:08,418 - train - INFO - ----------------------------------------------------------------------------------------------------
2023-03-01 23:30:08,418 - train - INFO - [6] Epoch Training................
2023-03-01 23:42:02,257 - train - INFO - Epoch [6], Train Loss : [1.05194] Val Loss : [1.10148] Val score : [0.63679] Val ego F1 : [0.9041] Val weather F1 : [0.7375] Val timing F1 : [0.9550]
2023-03-01 23:42:05,442 - train - INFO - saved new best score model
2023-03-01 23:42:05,446 - train - INFO - ----------------------------------------------------------------------------------------------------
2023-03-01 23:42:05,446 - train - INFO - [7] Epoch Training................
2023-03-01 23:53:51,497 - train - INFO - Epoch [7], Train Loss : [0.98558] Val Loss : [1.06337] Val score : [0.63508] Val ego F1 : [0.9205] Val weather F1 : [0.7190] Val timing F1 : [0.9596]
2023-03-01 23:53:51,500 - train - INFO - ----------------------------------------------------------------------------------------------------
2023-03-01 23:53:51,500 - train - INFO - [8] Epoch Training................
2023-03-02 00:05:38,094 - train - INFO - Epoch [8], Train Loss : [0.98265] Val Loss : [1.09548] Val score : [0.65034] Val ego F1 : [0.9355] Val weather F1 : [0.7154] Val timing F1 : [0.9718]
2023-03-02 00:05:41,596 - train - INFO - saved new best score model
2023-03-02 00:05:41,600 - train - INFO - ----------------------------------------------------------------------------------------------------
2023-03-02 00:05:41,600 - train - INFO - [9] Epoch Training................
2023-03-02 00:17:45,461 - train - INFO - Epoch [9], Train Loss : [0.95263] Val Loss : [1.07191] Val score : [0.63573] Val ego F1 : [0.9241] Val weather F1 : [0.7165] Val timing F1 : [0.9601]
2023-03-02 00:17:45,465 - train - INFO - ----------------------------------------------------------------------------------------------------
2023-03-02 00:17:45,465 - train - INFO - [10] Epoch Training................
2023-03-02 00:29:20,569 - train - INFO - Epoch [10], Train Loss : [0.92343] Val Loss : [1.13812] Val score : [0.65438] Val ego F1 : [0.8750] Val weather F1 : [0.7793] Val timing F1 : [0.9596]
2023-03-02 00:29:23,770 - train - INFO - saved new best score model
2023-03-02 00:29:23,778 - train - INFO - ----------------------------------------------------------------------------------------------------
2023-03-02 00:29:23,778 - train - INFO - [11] Epoch Training................
2023-03-02 00:41:23,918 - train - INFO - Epoch [11], Train Loss : [0.91349] Val Loss : [1.13224] Val score : [0.66225] Val ego F1 : [0.9345] Val weather F1 : [0.7380] Val timing F1 : [0.9603]
2023-03-02 00:41:26,974 - train - INFO - saved new best score model
2023-03-02 00:41:26,980 - train - INFO - ----------------------------------------------------------------------------------------------------
2023-03-02 00:41:26,980 - train - INFO - [12] Epoch Training................
2023-03-02 00:53:20,595 - train - INFO - Epoch [12], Train Loss : [0.89347] Val Loss : [1.10477] Val score : [0.61369] Val ego F1 : [0.9270] Val weather F1 : [0.6871] Val timing F1 : [0.9635]
2023-03-02 00:53:20,599 - train - INFO - ----------------------------------------------------------------------------------------------------
2023-03-02 00:53:20,599 - train - INFO - [13] Epoch Training................
2023-03-02 01:05:04,774 - train - INFO - Epoch [13], Train Loss : [0.87554] Val Loss : [1.06992] Val score : [0.70870] Val ego F1 : [0.9345] Val weather F1 : [0.7804] Val timing F1 : [0.9718]
2023-03-02 01:05:08,158 - train - INFO - saved new best score model
2023-03-02 01:05:08,161 - train - INFO - ----------------------------------------------------------------------------------------------------
2023-03-02 01:05:08,161 - train - INFO - [14] Epoch Training................
2023-03-02 01:17:22,600 - train - INFO - Epoch [14], Train Loss : [0.83698] Val Loss : [1.18923] Val score : [0.55417] Val ego F1 : [0.8286] Val weather F1 : [0.7130] Val timing F1 : [0.9380]
2023-03-02 01:17:22,606 - train - INFO - ----------------------------------------------------------------------------------------------------
2023-03-02 01:17:22,606 - train - INFO - [15] Epoch Training................
2023-03-02 01:28:59,649 - train - INFO - Epoch [15], Train Loss : [0.89166] Val Loss : [1.15011] Val score : [0.69485] Val ego F1 : [0.9227] Val weather F1 : [0.7951] Val timing F1 : [0.9471]
2023-03-02 01:28:59,652 - train - INFO - ----------------------------------------------------------------------------------------------------
2023-03-02 01:28:59,652 - train - INFO - [16] Epoch Training................
2023-03-02 01:40:27,120 - train - INFO - Epoch [16], Train Loss : [0.85177] Val Loss : [1.08233] Val score : [0.68745] Val ego F1 : [0.9179] Val weather F1 : [0.7736] Val timing F1 : [0.9681]
2023-03-02 01:40:27,123 - train - INFO - ----------------------------------------------------------------------------------------------------
2023-03-02 01:40:27,123 - train - INFO - [17] Epoch Training................
2023-03-02 01:51:51,498 - train - INFO - Epoch [17], Train Loss : [0.75656] Val Loss : [1.07590] Val score : [0.71839] Val ego F1 : [0.9359] Val weather F1 : [0.7963] Val timing F1 : [0.9639]
2023-03-02 01:51:54,825 - train - INFO - saved new best score model
2023-03-02 01:51:54,828 - train - INFO - ----------------------------------------------------------------------------------------------------
2023-03-02 01:51:54,829 - train - INFO - [18] Epoch Training................
2023-03-02 02:03:22,242 - train - INFO - Epoch [18], Train Loss : [0.73537] Val Loss : [1.03392] Val score : [0.74165] Val ego F1 : [0.9212] Val weather F1 : [0.8385] Val timing F1 : [0.9601]
2023-03-02 02:03:25,239 - train - INFO - saved new best score model
2023-03-02 02:03:25,243 - train - INFO - ----------------------------------------------------------------------------------------------------
2023-03-02 02:03:25,243 - train - INFO - [19] Epoch Training................
2023-03-02 02:14:58,721 - train - INFO - Epoch [19], Train Loss : [0.72408] Val Loss : [1.01326] Val score : [0.73374] Val ego F1 : [0.9293] Val weather F1 : [0.8124] Val timing F1 : [0.9719]
2023-03-02 02:14:58,725 - train - INFO - ----------------------------------------------------------------------------------------------------
2023-03-02 02:14:58,725 - train - INFO - [20] Epoch Training................
2023-03-02 02:26:23,453 - train - INFO - Epoch [20], Train Loss : [0.71436] Val Loss : [1.10809] Val score : [0.71041] Val ego F1 : [0.9348] Val weather F1 : [0.7853] Val timing F1 : [0.9678]
2023-03-02 02:26:23,456 - train - INFO - ----------------------------------------------------------------------------------------------------
2023-03-02 02:26:23,456 - train - INFO - [21] Epoch Training................
2023-03-02 02:37:50,305 - train - INFO - Epoch [21], Train Loss : [0.70236] Val Loss : [1.08052] Val score : [0.66927] Val ego F1 : [0.9227] Val weather F1 : [0.7525] Val timing F1 : [0.9639]
2023-03-02 02:37:50,309 - train - INFO - ----------------------------------------------------------------------------------------------------
2023-03-02 02:37:50,309 - train - INFO - [22] Epoch Training................
2023-03-02 02:49:21,327 - train - INFO - Epoch [22], Train Loss : [0.68150] Val Loss : [1.03449] Val score : [0.72145] Val ego F1 : [0.9317] Val weather F1 : [0.8071] Val timing F1 : [0.9594]
2023-03-02 02:49:21,330 - train - INFO - ----------------------------------------------------------------------------------------------------
2023-03-02 02:49:21,330 - train - INFO - [23] Epoch Training................
2023-03-02 03:01:03,732 - train - INFO - Epoch [23], Train Loss : [0.67531] Val Loss : [1.07369] Val score : [0.71051] Val ego F1 : [0.9297] Val weather F1 : [0.7899] Val timing F1 : [0.9675]
2023-03-02 03:01:03,736 - train - INFO - ----------------------------------------------------------------------------------------------------
2023-03-02 03:01:03,736 - train - INFO - [24] Epoch Training................
2023-03-02 03:12:34,988 - train - INFO - Epoch [24], Train Loss : [0.67290] Val Loss : [1.07970] Val score : [0.72490] Val ego F1 : [0.9546] Val weather F1 : [0.7846] Val timing F1 : [0.9678]
2023-03-02 03:12:34,992 - train - INFO - ----------------------------------------------------------------------------------------------------
2023-03-02 03:12:34,992 - train - INFO - [25] Epoch Training................
2023-03-02 03:23:55,860 - train - INFO - Epoch [25], Train Loss : [0.65707] Val Loss : [1.06541] Val score : [0.74917] Val ego F1 : [0.9414] Val weather F1 : [0.8331] Val timing F1 : [0.9552]
2023-03-02 03:23:58,805 - train - INFO - saved new best score model
2023-03-02 03:23:58,809 - train - INFO - ----------------------------------------------------------------------------------------------------
2023-03-02 03:23:58,810 - train - INFO - [26] Epoch Training................
2023-03-02 03:35:25,177 - train - INFO - Epoch [26], Train Loss : [0.64342] Val Loss : [1.01767] Val score : [0.72152] Val ego F1 : [0.9320] Val weather F1 : [0.7966] Val timing F1 : [0.9718]
2023-03-02 03:35:25,181 - train - INFO - ----------------------------------------------------------------------------------------------------
2023-03-02 03:35:25,181 - train - INFO - [27] Epoch Training................
2023-03-02 03:47:03,015 - train - INFO - Epoch [27], Train Loss : [0.64279] Val Loss : [1.07117] Val score : [0.72974] Val ego F1 : [0.9348] Val weather F1 : [0.8032] Val timing F1 : [0.9719]
2023-03-02 03:47:03,020 - train - INFO - ----------------------------------------------------------------------------------------------------
2023-03-02 03:47:03,020 - train - INFO - [28] Epoch Training................
2023-03-02 03:58:24,502 - train - INFO - Epoch [28], Train Loss : [0.64053] Val Loss : [1.08740] Val score : [0.69112] Val ego F1 : [0.9496] Val weather F1 : [0.7490] Val timing F1 : [0.9718]
2023-03-02 03:58:24,506 - train - INFO - ----------------------------------------------------------------------------------------------------
2023-03-02 03:58:24,506 - train - INFO - [29] Epoch Training................
2023-03-02 04:10:28,777 - train - INFO - Epoch [29], Train Loss : [0.63832] Val Loss : [1.15163] Val score : [0.67715] Val ego F1 : [0.9425] Val weather F1 : [0.7424] Val timing F1 : [0.9677]
2023-03-02 04:10:28,780 - train - INFO - ----------------------------------------------------------------------------------------------------
2023-03-02 04:10:28,780 - train - INFO - [30] Epoch Training................
2023-03-02 04:21:54,236 - train - INFO - Epoch [30], Train Loss : [0.64160] Val Loss : [1.16256] Val score : [0.68359] Val ego F1 : [0.9425] Val weather F1 : [0.7526] Val timing F1 : [0.9637]
2023-03-02 04:21:54,239 - train - INFO - ----------------------------------------------------------------------------------------------------
2023-03-02 04:21:54,239 - train - INFO - [31] Epoch Training................
2023-03-02 04:33:23,975 - train - INFO - Epoch [31], Train Loss : [0.63776] Val Loss : [1.12559] Val score : [0.73274] Val ego F1 : [0.9414] Val weather F1 : [0.8044] Val timing F1 : [0.9677]
2023-03-02 04:33:23,978 - train - INFO - ----------------------------------------------------------------------------------------------------
2023-03-02 04:33:23,978 - train - INFO - [32] Epoch Training................
2023-03-02 04:44:45,126 - train - INFO - Epoch [32], Train Loss : [0.62811] Val Loss : [1.11261] Val score : [0.73713] Val ego F1 : [0.9414] Val weather F1 : [0.8092] Val timing F1 : [0.9677]
2023-03-02 04:44:45,129 - train - INFO - ----------------------------------------------------------------------------------------------------
2023-03-02 04:44:45,129 - train - INFO - [33] Epoch Training................
2023-03-02 04:57:13,274 - train - INFO - Epoch [33], Train Loss : [0.62760] Val Loss : [1.08772] Val score : [0.72950] Val ego F1 : [0.9363] Val weather F1 : [0.7951] Val timing F1 : [0.9799]
2023-03-02 04:57:13,277 - train - INFO - ----------------------------------------------------------------------------------------------------
2023-03-02 04:57:13,277 - train - INFO - [34] Epoch Training................
2023-03-02 05:08:54,067 - train - INFO - Epoch [34], Train Loss : [0.63519] Val Loss : [1.18517] Val score : [0.68240] Val ego F1 : [0.9363] Val weather F1 : [0.7532] Val timing F1 : [0.9677]
2023-03-02 05:08:54,071 - train - INFO - ----------------------------------------------------------------------------------------------------
2023-03-02 05:08:54,071 - train - INFO - [35] Epoch Training................
2023-03-02 05:20:36,093 - train - INFO - Epoch [35], Train Loss : [0.63844] Val Loss : [1.14927] Val score : [0.70780] Val ego F1 : [0.9348] Val weather F1 : [0.7824] Val timing F1 : [0.9678]
2023-03-02 05:20:36,096 - train - INFO - ----------------------------------------------------------------------------------------------------
2023-03-02 05:20:36,096 - train - INFO - [36] Epoch Training................
2023-03-02 05:32:07,061 - train - INFO - Epoch [36], Train Loss : [0.63726] Val Loss : [1.15686] Val score : [0.72019] Val ego F1 : [0.9429] Val weather F1 : [0.7991] Val timing F1 : [0.9559]
2023-03-02 05:32:07,064 - train - INFO - ----------------------------------------------------------------------------------------------------
2023-03-02 05:32:07,065 - train - INFO - [37] Epoch Training................
2023-03-02 05:43:32,802 - train - INFO - Epoch [37], Train Loss : [0.63105] Val Loss : [1.07665] Val score : [0.76246] Val ego F1 : [0.9414] Val weather F1 : [0.8369] Val timing F1 : [0.9678]
2023-03-02 05:43:35,719 - train - INFO - saved new best score model
2023-03-02 05:43:35,722 - train - INFO - ----------------------------------------------------------------------------------------------------
2023-03-02 05:43:35,722 - train - INFO - [38] Epoch Training................
2023-03-02 05:54:57,184 - train - INFO - Epoch [38], Train Loss : [0.63242] Val Loss : [1.07175] Val score : [0.73808] Val ego F1 : [0.9363] Val weather F1 : [0.8112] Val timing F1 : [0.9718]
2023-03-02 05:54:57,187 - train - INFO - ----------------------------------------------------------------------------------------------------
2023-03-02 05:54:57,187 - train - INFO - [39] Epoch Training................
2023-03-02 06:06:06,211 - train - INFO - Epoch [39], Train Loss : [0.62809] Val Loss : [1.10070] Val score : [0.74564] Val ego F1 : [0.9414] Val weather F1 : [0.8220] Val timing F1 : [0.9635]
2023-03-02 06:06:06,214 - train - INFO - ----------------------------------------------------------------------------------------------------
2023-03-02 06:06:06,214 - train - INFO - [40] Epoch Training................
2023-03-02 06:17:20,274 - train - INFO - Epoch [40], Train Loss : [0.62692] Val Loss : [1.04280] Val score : [0.76026] Val ego F1 : [0.9414] Val weather F1 : [0.8277] Val timing F1 : [0.9758]
2023-03-02 06:17:20,277 - train - INFO - ----------------------------------------------------------------------------------------------------
2023-03-02 06:17:20,277 - train - INFO - [41] Epoch Training................
2023-03-02 06:28:55,713 - train - INFO - Epoch [41], Train Loss : [0.63676] Val Loss : [1.11846] Val score : [0.70125] Val ego F1 : [0.9363] Val weather F1 : [0.7738] Val timing F1 : [0.9678]
2023-03-02 06:28:55,716 - train - INFO - ----------------------------------------------------------------------------------------------------
2023-03-02 06:28:55,716 - train - INFO - [42] Epoch Training................
2023-03-02 06:40:09,171 - train - INFO - Epoch [42], Train Loss : [0.62658] Val Loss : [1.11695] Val score : [0.72736] Val ego F1 : [0.9414] Val weather F1 : [0.7951] Val timing F1 : [0.9718]
2023-03-02 06:40:09,174 - train - INFO - ----------------------------------------------------------------------------------------------------
2023-03-02 06:40:09,174 - train - INFO - [43] Epoch Training................
2023-03-02 06:51:20,637 - train - INFO - Epoch [43], Train Loss : [0.62943] Val Loss : [1.05949] Val score : [0.76837] Val ego F1 : [0.9363] Val weather F1 : [0.8479] Val timing F1 : [0.9678]
2023-03-02 06:51:24,449 - train - INFO - saved new best score model
2023-03-02 06:51:24,452 - train - INFO - ----------------------------------------------------------------------------------------------------
2023-03-02 06:51:24,452 - train - INFO - [44] Epoch Training................
2023-03-02 07:02:54,325 - train - INFO - Epoch [44], Train Loss : [0.62840] Val Loss : [1.07949] Val score : [0.73978] Val ego F1 : [0.9363] Val weather F1 : [0.8164] Val timing F1 : [0.9678]
2023-03-02 07:02:54,327 - train - INFO - ----------------------------------------------------------------------------------------------------
2023-03-02 07:02:54,327 - train - INFO - [45] Epoch Training................
2023-03-02 07:14:26,889 - train - INFO - Epoch [45], Train Loss : [0.63184] Val Loss : [1.17339] Val score : [0.72105] Val ego F1 : [0.9414] Val weather F1 : [0.7948] Val timing F1 : [0.9637]
2023-03-02 07:14:26,892 - train - INFO - ----------------------------------------------------------------------------------------------------
2023-03-02 07:14:26,892 - train - INFO - [46] Epoch Training................
2023-03-02 07:25:47,548 - train - INFO - Epoch [46], Train Loss : [0.62579] Val Loss : [1.05955] Val score : [0.75013] Val ego F1 : [0.9363] Val weather F1 : [0.8210] Val timing F1 : [0.9759]
2023-03-02 07:25:47,551 - train - INFO - ----------------------------------------------------------------------------------------------------
2023-03-02 07:25:47,551 - train - INFO - [47] Epoch Training................
2023-03-02 07:37:17,027 - train - INFO - Epoch [47], Train Loss : [0.62921] Val Loss : [1.17593] Val score : [0.73442] Val ego F1 : [0.9363] Val weather F1 : [0.8140] Val timing F1 : [0.9635]
2023-03-02 07:37:17,031 - train - INFO - ----------------------------------------------------------------------------------------------------
2023-03-02 07:37:17,031 - train - INFO - [48] Epoch Training................
2023-03-02 07:48:54,313 - train - INFO - Epoch [48], Train Loss : [0.63089] Val Loss : [1.10193] Val score : [0.77048] Val ego F1 : [0.9363] Val weather F1 : [0.8574] Val timing F1 : [0.9598]
2023-03-02 07:48:57,440 - train - INFO - saved new best score model
2023-03-02 07:48:57,443 - train - INFO - ----------------------------------------------------------------------------------------------------
2023-03-02 07:48:57,443 - train - INFO - [49] Epoch Training................
2023-03-02 08:00:32,887 - train - INFO - Epoch [49], Train Loss : [0.62346] Val Loss : [1.07556] Val score : [0.74215] Val ego F1 : [0.9363] Val weather F1 : [0.8155] Val timing F1 : [0.9719]
2023-03-02 08:00:32,891 - train - INFO - ----------------------------------------------------------------------------------------------------
2023-03-02 08:00:32,891 - train - INFO - [50] Epoch Training................
2023-03-02 08:11:56,918 - train - INFO - Epoch [50], Train Loss : [0.62514] Val Loss : [1.07666] Val score : [0.73191] Val ego F1 : [0.9363] Val weather F1 : [0.8077] Val timing F1 : [0.9678]
2023-03-02 08:11:56,921 - train - INFO - ----------------------------------------------------------------------------------------------------
2023-03-02 08:11:56,921 - train - INFO - [51] Epoch Training................
2023-03-02 08:23:36,880 - train - INFO - Epoch [51], Train Loss : [0.62390] Val Loss : [1.04806] Val score : [0.74491] Val ego F1 : [0.9414] Val weather F1 : [0.8043] Val timing F1 : [0.9839]
2023-03-02 08:23:36,883 - train - INFO - ----------------------------------------------------------------------------------------------------
2023-03-02 08:23:36,883 - train - INFO - [52] Epoch Training................
2023-03-02 08:35:20,278 - train - INFO - Epoch [52], Train Loss : [0.62644] Val Loss : [1.16000] Val score : [0.71596] Val ego F1 : [0.9429] Val weather F1 : [0.7847] Val timing F1 : [0.9677]
2023-03-02 08:35:20,281 - train - INFO - ----------------------------------------------------------------------------------------------------
2023-03-02 08:35:20,281 - train - INFO - [53] Epoch Training................
2023-03-02 08:46:49,764 - train - INFO - Epoch [53], Train Loss : [0.62631] Val Loss : [1.06955] Val score : [0.73607] Val ego F1 : [0.9363] Val weather F1 : [0.8124] Val timing F1 : [0.9677]
2023-03-02 08:46:49,768 - train - INFO - ----------------------------------------------------------------------------------------------------
2023-03-02 08:46:49,768 - train - INFO - [54] Epoch Training................
2023-03-02 08:58:08,779 - train - INFO - Epoch [54], Train Loss : [0.62404] Val Loss : [1.08905] Val score : [0.76990] Val ego F1 : [0.9363] Val weather F1 : [0.8496] Val timing F1 : [0.9678]
2023-03-02 08:58:08,781 - train - INFO - ----------------------------------------------------------------------------------------------------
2023-03-02 08:58:08,782 - train - INFO - [55] Epoch Training................
2023-03-02 09:09:44,368 - train - INFO - Epoch [55], Train Loss : [0.62661] Val Loss : [1.11370] Val score : [0.71584] Val ego F1 : [0.9363] Val weather F1 : [0.7933] Val timing F1 : [0.9637]
2023-03-02 09:09:44,371 - train - INFO - ----------------------------------------------------------------------------------------------------
2023-03-02 09:09:44,371 - train - INFO - [56] Epoch Training................
2023-03-02 09:21:31,278 - train - INFO - Epoch [56], Train Loss : [0.62226] Val Loss : [1.10026] Val score : [0.73651] Val ego F1 : [0.9363] Val weather F1 : [0.8161] Val timing F1 : [0.9639]
2023-03-02 09:21:31,282 - train - INFO - ----------------------------------------------------------------------------------------------------
2023-03-02 09:21:31,282 - train - INFO - [57] Epoch Training................
2023-03-02 09:33:07,073 - train - INFO - Epoch [57], Train Loss : [0.63037] Val Loss : [1.09799] Val score : [0.75047] Val ego F1 : [0.9429] Val weather F1 : [0.8330] Val timing F1 : [0.9554]
2023-03-02 09:33:07,076 - train - INFO - ----------------------------------------------------------------------------------------------------
2023-03-02 09:33:07,076 - train - INFO - [58] Epoch Training................
2023-03-02 09:44:43,746 - train - INFO - Epoch [58], Train Loss : [0.62643] Val Loss : [1.07551] Val score : [0.74089] Val ego F1 : [0.9363] Val weather F1 : [0.8212] Val timing F1 : [0.9635]
2023-03-02 09:44:43,751 - train - INFO - ----------------------------------------------------------------------------------------------------
2023-03-02 09:44:43,751 - train - INFO - [59] Epoch Training................
2023-03-02 09:56:41,325 - train - INFO - Epoch [59], Train Loss : [0.62652] Val Loss : [1.09652] Val score : [0.72889] Val ego F1 : [0.9429] Val weather F1 : [0.7954] Val timing F1 : [0.9718]
2023-03-02 09:56:41,329 - train - INFO - ----------------------------------------------------------------------------------------------------
2023-03-02 09:56:41,329 - train - INFO - [60] Epoch Training................
2023-03-02 10:08:04,696 - train - INFO - Epoch [60], Train Loss : [0.62884] Val Loss : [1.09764] Val score : [0.73174] Val ego F1 : [0.9363] Val weather F1 : [0.8075] Val timing F1 : [0.9678]
2023-03-02 10:08:04,699 - train - INFO - ----------------------------------------------------------------------------------------------------
2023-03-02 10:08:04,699 - train - INFO - [61] Epoch Training................
2023-03-02 10:19:39,606 - train - INFO - Epoch [61], Train Loss : [0.62518] Val Loss : [1.12100] Val score : [0.72584] Val ego F1 : [0.9363] Val weather F1 : [0.8044] Val timing F1 : [0.9637]
2023-03-02 10:19:39,610 - train - INFO - ----------------------------------------------------------------------------------------------------
2023-03-02 10:19:39,611 - train - INFO - [62] Epoch Training................
2023-03-02 10:32:20,510 - train - INFO - Epoch [62], Train Loss : [0.62493] Val Loss : [1.05475] Val score : [0.75899] Val ego F1 : [0.9414] Val weather F1 : [0.8330] Val timing F1 : [0.9680]
2023-03-02 10:32:20,513 - train - INFO - ----------------------------------------------------------------------------------------------------
2023-03-02 10:32:20,513 - train - INFO - [63] Epoch Training................
2023-03-02 10:44:08,322 - train - INFO - Epoch [63], Train Loss : [0.61853] Val Loss : [1.06516] Val score : [0.73178] Val ego F1 : [0.9363] Val weather F1 : [0.8042] Val timing F1 : [0.9718]
2023-03-02 10:44:08,325 - train - INFO - ----------------------------------------------------------------------------------------------------
2023-03-02 10:44:08,325 - train - INFO - [64] Epoch Training................
2023-03-02 10:56:43,946 - train - INFO - Epoch [64], Train Loss : [0.62288] Val Loss : [1.06882] Val score : [0.73819] Val ego F1 : [0.9363] Val weather F1 : [0.8320] Val timing F1 : [0.9476]
2023-03-02 10:56:43,950 - train - INFO - ----------------------------------------------------------------------------------------------------
2023-03-02 10:56:43,950 - train - INFO - [65] Epoch Training................
2023-03-02 11:08:27,240 - train - INFO - Epoch [65], Train Loss : [0.62512] Val Loss : [1.14073] Val score : [0.69765] Val ego F1 : [0.9363] Val weather F1 : [0.7732] Val timing F1 : [0.9637]
2023-03-02 11:08:27,243 - train - INFO - ----------------------------------------------------------------------------------------------------
2023-03-02 11:08:27,243 - train - INFO - [66] Epoch Training................
2023-03-02 11:19:59,282 - train - INFO - Epoch [66], Train Loss : [0.62487] Val Loss : [1.11131] Val score : [0.70052] Val ego F1 : [0.9363] Val weather F1 : [0.7795] Val timing F1 : [0.9598]
2023-03-02 11:19:59,285 - train - INFO - ----------------------------------------------------------------------------------------------------
2023-03-02 11:19:59,285 - train - INFO - [67] Epoch Training................
2023-03-02 11:31:36,125 - train - INFO - Epoch [67], Train Loss : [0.62714] Val Loss : [1.08557] Val score : [0.71282] Val ego F1 : [0.9363] Val weather F1 : [0.7834] Val timing F1 : [0.9718]
2023-03-02 11:31:36,130 - train - INFO - ----------------------------------------------------------------------------------------------------
2023-03-02 11:31:36,131 - train - INFO - [68] Epoch Training................
2023-03-02 11:43:03,982 - train - INFO - Epoch [68], Train Loss : [0.62869] Val Loss : [1.13620] Val score : [0.72501] Val ego F1 : [0.9363] Val weather F1 : [0.8068] Val timing F1 : [0.9598]
2023-03-02 11:43:03,985 - train - INFO - ----------------------------------------------------------------------------------------------------
2023-03-02 11:43:03,985 - train - INFO - [69] Epoch Training................
2023-03-02 11:54:39,817 - train - INFO - Epoch [69], Train Loss : [0.62319] Val Loss : [1.16308] Val score : [0.69639] Val ego F1 : [0.9363] Val weather F1 : [0.7784] Val timing F1 : [0.9554]
2023-03-02 11:54:39,820 - train - INFO - ----------------------------------------------------------------------------------------------------
2023-03-02 11:54:39,820 - train - INFO - [70] Epoch Training................
2023-03-02 12:06:16,805 - train - INFO - Epoch [70], Train Loss : [0.62034] Val Loss : [1.14924] Val score : [0.72786] Val ego F1 : [0.9363] Val weather F1 : [0.8065] Val timing F1 : [0.9639]
2023-03-02 12:06:16,808 - train - INFO - ----------------------------------------------------------------------------------------------------
2023-03-02 12:06:16,808 - train - INFO - [71] Epoch Training................
2023-03-02 12:17:45,605 - train - INFO - Epoch [71], Train Loss : [0.62091] Val Loss : [1.09695] Val score : [0.73512] Val ego F1 : [0.9363] Val weather F1 : [0.8144] Val timing F1 : [0.9640]
2023-03-02 12:17:45,608 - train - INFO - ----------------------------------------------------------------------------------------------------
2023-03-02 12:17:45,608 - train - INFO - [72] Epoch Training................
2023-03-02 12:29:20,571 - train - INFO - Epoch [72], Train Loss : [0.62676] Val Loss : [1.07886] Val score : [0.70564] Val ego F1 : [0.9363] Val weather F1 : [0.7691] Val timing F1 : [0.9799]
2023-03-02 12:29:20,574 - train - INFO - ----------------------------------------------------------------------------------------------------
2023-03-02 12:29:20,574 - train - INFO - [73] Epoch Training................
2023-03-02 12:40:47,914 - train - INFO - Epoch [73], Train Loss : [0.62307] Val Loss : [1.09817] Val score : [0.72049] Val ego F1 : [0.9429] Val weather F1 : [0.7927] Val timing F1 : [0.9639]
2023-03-02 12:40:47,917 - train - INFO - ----------------------------------------------------------------------------------------------------
2023-03-02 12:40:47,917 - train - INFO - [74] Epoch Training................
2023-03-02 12:53:01,001 - train - INFO - Epoch [74], Train Loss : [0.62918] Val Loss : [1.12047] Val score : [0.70665] Val ego F1 : [0.9363] Val weather F1 : [0.7765] Val timing F1 : [0.9719]
2023-03-02 12:53:01,004 - train - INFO - ----------------------------------------------------------------------------------------------------
2023-03-02 12:53:01,004 - train - INFO - [75] Epoch Training................
2023-03-02 13:04:26,582 - train - INFO - Epoch [75], Train Loss : [0.62615] Val Loss : [1.09976] Val score : [0.74603] Val ego F1 : [0.9363] Val weather F1 : [0.8199] Val timing F1 : [0.9718]
2023-03-02 13:04:26,585 - train - INFO - ----------------------------------------------------------------------------------------------------
2023-03-02 13:04:26,585 - train - INFO - [76] Epoch Training................
2023-03-02 13:15:58,920 - train - INFO - Epoch [76], Train Loss : [0.62831] Val Loss : [1.09711] Val score : [0.71919] Val ego F1 : [0.9414] Val weather F1 : [0.7928] Val timing F1 : [0.9637]
2023-03-02 13:15:58,923 - train - INFO - ----------------------------------------------------------------------------------------------------
2023-03-02 13:15:58,923 - train - INFO - [77] Epoch Training................
2023-03-02 13:27:25,589 - train - INFO - Epoch [77], Train Loss : [0.62441] Val Loss : [1.18272] Val score : [0.69535] Val ego F1 : [0.9363] Val weather F1 : [0.7803] Val timing F1 : [0.9517]
2023-03-02 13:27:25,592 - train - INFO - ----------------------------------------------------------------------------------------------------
2023-03-02 13:27:25,592 - train - INFO - [78] Epoch Training................
2023-03-02 13:38:55,105 - train - INFO - Epoch [78], Train Loss : [0.62297] Val Loss : [1.07092] Val score : [0.75336] Val ego F1 : [0.9429] Val weather F1 : [0.8222] Val timing F1 : [0.9718]
2023-03-02 13:38:55,108 - train - INFO - ----------------------------------------------------------------------------------------------------
2023-03-02 13:38:55,108 - train - INFO - [79] Epoch Training................
2023-03-02 13:50:26,674 - train - INFO - Epoch [79], Train Loss : [0.62269] Val Loss : [1.11331] Val score : [0.72163] Val ego F1 : [0.9363] Val weather F1 : [0.7963] Val timing F1 : [0.9678]
2023-03-02 13:50:26,677 - train - INFO - ----------------------------------------------------------------------------------------------------
2023-03-02 13:50:26,677 - train - INFO - [80] Epoch Training................
2023-03-02 14:02:03,490 - train - INFO - Epoch [80], Train Loss : [0.62647] Val Loss : [1.16173] Val score : [0.71004] Val ego F1 : [0.9363] Val weather F1 : [0.7869] Val timing F1 : [0.9637]
2023-03-02 14:02:03,493 - train - INFO - ----------------------------------------------------------------------------------------------------
2023-03-02 14:02:03,493 - train - INFO - [81] Epoch Training................
2023-03-02 14:13:28,961 - train - INFO - Epoch [81], Train Loss : [0.62053] Val Loss : [1.05017] Val score : [0.75931] Val ego F1 : [0.9363] Val weather F1 : [0.8446] Val timing F1 : [0.9601]
2023-03-02 14:13:28,964 - train - INFO - ----------------------------------------------------------------------------------------------------
2023-03-02 14:13:28,964 - train - INFO - [82] Epoch Training................
2023-03-02 14:24:59,351 - train - INFO - Epoch [82], Train Loss : [0.62208] Val Loss : [1.09959] Val score : [0.73466] Val ego F1 : [0.9363] Val weather F1 : [0.8107] Val timing F1 : [0.9678]
2023-03-02 14:24:59,354 - train - INFO - ----------------------------------------------------------------------------------------------------
2023-03-02 14:24:59,354 - train - INFO - [83] Epoch Training................
2023-03-02 14:36:21,573 - train - INFO - Epoch [83], Train Loss : [0.62389] Val Loss : [1.14889] Val score : [0.70814] Val ego F1 : [0.9363] Val weather F1 : [0.7814] Val timing F1 : [0.9678]
2023-03-02 14:36:21,576 - train - INFO - ----------------------------------------------------------------------------------------------------
2023-03-02 14:36:21,576 - train - INFO - [84] Epoch Training................
2023-03-02 14:47:44,894 - train - INFO - Epoch [84], Train Loss : [0.62459] Val Loss : [1.05430] Val score : [0.73656] Val ego F1 : [0.9414] Val weather F1 : [0.8120] Val timing F1 : [0.9635]
2023-03-02 14:47:44,901 - train - INFO - ----------------------------------------------------------------------------------------------------
2023-03-02 14:47:44,901 - train - INFO - [85] Epoch Training................
2023-03-02 14:59:39,107 - train - INFO - Epoch [85], Train Loss : [0.62134] Val Loss : [1.11250] Val score : [0.72010] Val ego F1 : [0.9363] Val weather F1 : [0.7946] Val timing F1 : [0.9678]
2023-03-02 14:59:39,110 - train - INFO - ----------------------------------------------------------------------------------------------------
2023-03-02 14:59:39,110 - train - INFO - [86] Epoch Training................
2023-03-02 15:10:56,543 - train - INFO - Epoch [86], Train Loss : [0.62805] Val Loss : [1.09908] Val score : [0.73639] Val ego F1 : [0.9363] Val weather F1 : [0.8161] Val timing F1 : [0.9637]
2023-03-02 15:10:56,547 - train - INFO - ----------------------------------------------------------------------------------------------------
2023-03-02 15:10:56,547 - train - INFO - [87] Epoch Training................
2023-03-02 15:22:16,004 - train - INFO - Epoch [87], Train Loss : [0.62504] Val Loss : [1.11584] Val score : [0.69204] Val ego F1 : [0.9363] Val weather F1 : [0.7637] Val timing F1 : [0.9678]
2023-03-02 15:22:16,007 - train - INFO - ----------------------------------------------------------------------------------------------------
2023-03-02 15:22:16,007 - train - INFO - [88] Epoch Training................
2023-03-02 15:33:50,125 - train - INFO - Epoch [88], Train Loss : [0.62014] Val Loss : [1.10463] Val score : [0.71576] Val ego F1 : [0.9363] Val weather F1 : [0.7865] Val timing F1 : [0.9719]
2023-03-02 15:33:50,130 - train - INFO - ----------------------------------------------------------------------------------------------------
2023-03-02 15:33:50,130 - train - INFO - [89] Epoch Training................
2023-03-02 15:45:40,721 - train - INFO - Epoch [89], Train Loss : [0.62976] Val Loss : [1.09578] Val score : [0.73973] Val ego F1 : [0.9429] Val weather F1 : [0.8175] Val timing F1 : [0.9596]
2023-03-02 15:45:40,724 - train - INFO - ----------------------------------------------------------------------------------------------------
2023-03-02 15:45:40,724 - train - INFO - [90] Epoch Training................
2023-03-02 15:57:10,412 - train - INFO - Epoch [90], Train Loss : [0.62516] Val Loss : [1.08804] Val score : [0.74228] Val ego F1 : [0.9363] Val weather F1 : [0.8192] Val timing F1 : [0.9677]
2023-03-02 15:57:10,415 - train - INFO - ----------------------------------------------------------------------------------------------------
2023-03-02 15:57:10,415 - train - INFO - [91] Epoch Training................
2023-03-02 16:08:28,553 - train - INFO - Epoch [91], Train Loss : [0.62427] Val Loss : [1.08036] Val score : [0.72745] Val ego F1 : [0.9363] Val weather F1 : [0.8028] Val timing F1 : [0.9678]
2023-03-02 16:08:28,555 - train - INFO - ----------------------------------------------------------------------------------------------------
2023-03-02 16:08:28,555 - train - INFO - [92] Epoch Training................
2023-03-02 16:19:55,077 - train - INFO - Epoch [92], Train Loss : [0.62396] Val Loss : [1.15479] Val score : [0.71411] Val ego F1 : [0.9363] Val weather F1 : [0.7946] Val timing F1 : [0.9598]
2023-03-02 16:19:55,083 - train - INFO - ----------------------------------------------------------------------------------------------------
2023-03-02 16:19:55,083 - train - INFO - [93] Epoch Training................
2023-03-02 16:31:21,575 - train - INFO - Epoch [93], Train Loss : [0.62575] Val Loss : [1.12585] Val score : [0.71800] Val ego F1 : [0.9429] Val weather F1 : [0.7835] Val timing F1 : [0.9719]
2023-03-02 16:31:21,581 - train - INFO - ----------------------------------------------------------------------------------------------------
2023-03-02 16:31:21,581 - train - INFO - [94] Epoch Training................
2023-03-02 16:43:00,752 - train - INFO - Epoch [94], Train Loss : [0.62909] Val Loss : [1.11250] Val score : [0.71762] Val ego F1 : [0.9363] Val weather F1 : [0.7920] Val timing F1 : [0.9677]
2023-03-02 16:43:00,754 - train - INFO - ----------------------------------------------------------------------------------------------------
2023-03-02 16:43:00,755 - train - INFO - [95] Epoch Training................
2023-03-02 16:54:41,349 - train - INFO - Epoch [95], Train Loss : [0.62198] Val Loss : [1.04985] Val score : [0.76289] Val ego F1 : [0.9429] Val weather F1 : [0.8291] Val timing F1 : [0.9759]
2023-03-02 16:54:41,352 - train - INFO - ----------------------------------------------------------------------------------------------------
2023-03-02 16:54:41,352 - train - INFO - [96] Epoch Training................
2023-03-02 17:06:15,388 - train - INFO - Epoch [96], Train Loss : [0.62272] Val Loss : [1.06364] Val score : [0.75012] Val ego F1 : [0.9363] Val weather F1 : [0.8243] Val timing F1 : [0.9719]
2023-03-02 17:06:15,392 - train - INFO - ----------------------------------------------------------------------------------------------------
2023-03-02 17:06:15,392 - train - INFO - [97] Epoch Training................
2023-03-02 17:17:56,337 - train - INFO - Epoch [97], Train Loss : [0.62371] Val Loss : [1.07282] Val score : [0.76021] Val ego F1 : [0.9414] Val weather F1 : [0.8343] Val timing F1 : [0.9680]
2023-03-02 17:17:56,341 - train - INFO - ----------------------------------------------------------------------------------------------------
2023-03-02 17:17:56,341 - train - INFO - [98] Epoch Training................
2023-03-02 17:29:26,505 - train - INFO - Epoch [98], Train Loss : [0.62525] Val Loss : [1.07510] Val score : [0.75481] Val ego F1 : [0.9363] Val weather F1 : [0.8364] Val timing F1 : [0.9639]
2023-03-02 17:29:26,508 - train - INFO - ----------------------------------------------------------------------------------------------------
2023-03-02 17:29:26,509 - train - INFO - [99] Epoch Training................
2023-03-02 17:41:07,656 - train - INFO - Epoch [99], Train Loss : [0.61934] Val Loss : [1.09305] Val score : [0.75262] Val ego F1 : [0.9414] Val weather F1 : [0.8262] Val timing F1 : [0.9677]
2023-03-02 17:41:07,659 - train - INFO - ----------------------------------------------------------------------------------------------------
2023-03-02 17:41:07,660 - train - INFO - [100] Epoch Training................
2023-03-02 17:52:52,085 - train - INFO - Epoch [100], Train Loss : [0.63026] Val Loss : [1.12484] Val score : [0.70525] Val ego F1 : [0.9429] Val weather F1 : [0.7728] Val timing F1 : [0.9678]
2023-03-02 17:52:52,085 - train - INFO - train completed, best_metric: 0.7705
2023-03-07 12:40:41,890 - train - INFO - Namespace(batch_size=8, epochs=100, gpu='1,2', img_size=128, lr=0.0003, num_class=13, save_dir='./save_log', save_name='0302conv', seed=7777, vide_length=50)
2023-03-07 12:40:55,470 - train - INFO - ----------------------------------------------------------------------------------------------------
2023-03-07 12:40:55,471 - train - INFO - [1] Epoch Training................
2023-03-07 12:55:31,811 - train - INFO - Epoch [1], Train Loss : [6.85353] Val Loss : [1.50004] Val score : [0.35209] Val ego F1 : [0.6360] Val weather F1 : [0.5790] Val timing F1 : [0.9562]
2023-03-07 12:55:34,683 - train - INFO - saved new best score model
2023-03-07 12:55:34,697 - train - INFO - ----------------------------------------------------------------------------------------------------
2023-03-07 12:55:34,697 - train - INFO - [2] Epoch Training................
2023-03-07 13:07:26,965 - train - INFO - Epoch [2], Train Loss : [1.40317] Val Loss : [1.27621] Val score : [0.34674] Val ego F1 : [0.5844] Val weather F1 : [0.6130] Val timing F1 : [0.9678]
2023-03-07 13:07:26,968 - train - INFO - ----------------------------------------------------------------------------------------------------
2023-03-07 13:07:26,968 - train - INFO - [3] Epoch Training................
2023-03-07 13:19:01,241 - train - INFO - Epoch [3], Train Loss : [1.32264] Val Loss : [1.21977] Val score : [0.46203] Val ego F1 : [0.6135] Val weather F1 : [0.7845] Val timing F1 : [0.9600]
2023-03-07 13:19:04,267 - train - INFO - saved new best score model
2023-03-07 13:19:04,271 - train - INFO - ----------------------------------------------------------------------------------------------------
2023-03-07 13:19:04,271 - train - INFO - [4] Epoch Training................
2023-03-07 13:30:40,272 - train - INFO - Epoch [4], Train Loss : [1.27553] Val Loss : [1.25354] Val score : [0.60257] Val ego F1 : [0.8648] Val weather F1 : [0.7530] Val timing F1 : [0.9254]
2023-03-07 13:30:43,134 - train - INFO - saved new best score model
2023-03-07 13:30:43,137 - train - INFO - ----------------------------------------------------------------------------------------------------
2023-03-07 13:30:43,137 - train - INFO - [5] Epoch Training................
2023-03-07 13:42:09,196 - train - INFO - Epoch [5], Train Loss : [1.18106] Val Loss : [1.33599] Val score : [0.53272] Val ego F1 : [0.8369] Val weather F1 : [0.6879] Val timing F1 : [0.9254]
2023-03-07 13:42:09,199 - train - INFO - ----------------------------------------------------------------------------------------------------
2023-03-07 13:42:09,200 - train - INFO - [6] Epoch Training................
2023-03-07 13:53:47,903 - train - INFO - Epoch [6], Train Loss : [1.13257] Val Loss : [1.15943] Val score : [0.62792] Val ego F1 : [0.8481] Val weather F1 : [0.7715] Val timing F1 : [0.9598]
2023-03-07 13:53:50,944 - train - INFO - saved new best score model
2023-03-07 13:53:50,948 - train - INFO - ----------------------------------------------------------------------------------------------------
2023-03-07 13:53:50,948 - train - INFO - [7] Epoch Training................
2023-03-07 14:05:34,497 - train - INFO - Epoch [7], Train Loss : [1.13551] Val Loss : [1.14137] Val score : [0.53013] Val ego F1 : [0.8821] Val weather F1 : [0.6263] Val timing F1 : [0.9596]
2023-03-07 14:05:34,509 - train - INFO - ----------------------------------------------------------------------------------------------------
2023-03-07 14:05:34,509 - train - INFO - [8] Epoch Training................
2023-03-07 14:17:12,499 - train - INFO - Epoch [8], Train Loss : [1.09402] Val Loss : [1.08773] Val score : [0.54273] Val ego F1 : [0.9181] Val weather F1 : [0.6133] Val timing F1 : [0.9639]
2023-03-07 14:17:12,502 - train - INFO - ----------------------------------------------------------------------------------------------------
2023-03-07 14:17:12,502 - train - INFO - [9] Epoch Training................
2023-03-07 14:29:07,745 - train - INFO - Epoch [9], Train Loss : [1.04707] Val Loss : [1.13821] Val score : [0.55077] Val ego F1 : [0.9172] Val weather F1 : [0.6331] Val timing F1 : [0.9485]
2023-03-07 14:29:07,749 - train - INFO - ----------------------------------------------------------------------------------------------------
2023-03-07 14:29:07,749 - train - INFO - [10] Epoch Training................
2023-03-07 14:40:47,386 - train - INFO - Epoch [10], Train Loss : [0.93792] Val Loss : [1.07904] Val score : [0.65606] Val ego F1 : [0.9189] Val weather F1 : [0.7437] Val timing F1 : [0.9600]
2023-03-07 14:40:50,216 - train - INFO - saved new best score model
2023-03-07 14:40:50,220 - train - INFO - ----------------------------------------------------------------------------------------------------
2023-03-07 14:40:50,220 - train - INFO - [11] Epoch Training................
2023-03-07 14:52:28,800 - train - INFO - Epoch [11], Train Loss : [0.87465] Val Loss : [1.10041] Val score : [0.69404] Val ego F1 : [0.9436] Val weather F1 : [0.7660] Val timing F1 : [0.9601]
2023-03-07 14:52:31,634 - train - INFO - saved new best score model
2023-03-07 14:52:31,637 - train - INFO - ----------------------------------------------------------------------------------------------------
2023-03-07 14:52:31,637 - train - INFO - [12] Epoch Training................
2023-03-07 15:04:15,508 - train - INFO - Epoch [12], Train Loss : [0.84408] Val Loss : [1.03716] Val score : [0.69526] Val ego F1 : [0.9365] Val weather F1 : [0.7738] Val timing F1 : [0.9594]
2023-03-07 15:04:18,338 - train - INFO - saved new best score model
2023-03-07 15:04:18,341 - train - INFO - ----------------------------------------------------------------------------------------------------
2023-03-07 15:04:18,341 - train - INFO - [13] Epoch Training................
2023-03-07 15:15:59,685 - train - INFO - Epoch [13], Train Loss : [0.85130] Val Loss : [1.13912] Val score : [0.71966] Val ego F1 : [0.9327] Val weather F1 : [0.8006] Val timing F1 : [0.9637]
2023-03-07 15:16:02,569 - train - INFO - saved new best score model
2023-03-07 15:16:02,572 - train - INFO - ----------------------------------------------------------------------------------------------------
2023-03-07 15:16:02,572 - train - INFO - [14] Epoch Training................
2023-03-07 15:27:43,560 - train - INFO - Epoch [14], Train Loss : [0.82388] Val Loss : [1.04696] Val score : [0.70598] Val ego F1 : [0.9084] Val weather F1 : [0.7997] Val timing F1 : [0.9718]
2023-03-07 15:27:43,566 - train - INFO - ----------------------------------------------------------------------------------------------------
2023-03-07 15:27:43,566 - train - INFO - [15] Epoch Training................
2023-03-07 15:39:32,070 - train - INFO - Epoch [15], Train Loss : [0.84708] Val Loss : [1.11088] Val score : [0.66587] Val ego F1 : [0.9032] Val weather F1 : [0.7933] Val timing F1 : [0.9294]
2023-03-07 15:39:32,073 - train - INFO - ----------------------------------------------------------------------------------------------------
2023-03-07 15:39:32,074 - train - INFO - [16] Epoch Training................
2023-03-07 15:51:15,437 - train - INFO - Epoch [16], Train Loss : [0.83150] Val Loss : [1.06602] Val score : [0.70707] Val ego F1 : [0.9227] Val weather F1 : [0.7953] Val timing F1 : [0.9635]
2023-03-07 15:51:15,440 - train - INFO - ----------------------------------------------------------------------------------------------------
2023-03-07 15:51:15,440 - train - INFO - [17] Epoch Training................
2023-03-07 16:02:46,735 - train - INFO - Epoch [17], Train Loss : [0.76128] Val Loss : [1.09171] Val score : [0.70162] Val ego F1 : [0.9279] Val weather F1 : [0.7913] Val timing F1 : [0.9557]
2023-03-07 16:02:46,739 - train - INFO - ----------------------------------------------------------------------------------------------------
2023-03-07 16:02:46,739 - train - INFO - [18] Epoch Training................
2023-03-07 16:14:21,414 - train - INFO - Epoch [18], Train Loss : [0.75094] Val Loss : [1.12360] Val score : [0.70093] Val ego F1 : [0.9275] Val weather F1 : [0.7904] Val timing F1 : [0.9560]
2023-03-07 16:14:21,417 - train - INFO - ----------------------------------------------------------------------------------------------------
2023-03-07 16:14:21,417 - train - INFO - [19] Epoch Training................
2023-03-07 16:26:02,556 - train - INFO - Epoch [19], Train Loss : [0.73296] Val Loss : [1.07545] Val score : [0.69932] Val ego F1 : [0.9147] Val weather F1 : [0.7898] Val timing F1 : [0.9680]
2023-03-07 16:26:02,559 - train - INFO - ----------------------------------------------------------------------------------------------------
2023-03-07 16:26:02,559 - train - INFO - [20] Epoch Training................
2023-03-07 16:37:39,037 - train - INFO - Epoch [20], Train Loss : [0.71192] Val Loss : [1.10166] Val score : [0.72787] Val ego F1 : [0.9144] Val weather F1 : [0.8259] Val timing F1 : [0.9639]
2023-03-07 16:37:41,857 - train - INFO - saved new best score model
2023-03-07 16:37:41,861 - train - INFO - ----------------------------------------------------------------------------------------------------
2023-03-07 16:37:41,861 - train - INFO - [21] Epoch Training................
2023-03-07 16:49:27,115 - train - INFO - Epoch [21], Train Loss : [0.70199] Val Loss : [1.07247] Val score : [0.72184] Val ego F1 : [0.9304] Val weather F1 : [0.8084] Val timing F1 : [0.9598]
2023-03-07 16:49:27,118 - train - INFO - ----------------------------------------------------------------------------------------------------
2023-03-07 16:49:27,118 - train - INFO - [22] Epoch Training................
2023-03-07 17:00:56,786 - train - INFO - Epoch [22], Train Loss : [0.69047] Val Loss : [1.13393] Val score : [0.73322] Val ego F1 : [0.9227] Val weather F1 : [0.8279] Val timing F1 : [0.9598]
2023-03-07 17:00:59,722 - train - INFO - saved new best score model
2023-03-07 17:00:59,727 - train - INFO - ----------------------------------------------------------------------------------------------------
2023-03-07 17:00:59,727 - train - INFO - [23] Epoch Training................
2023-03-07 17:12:33,831 - train - INFO - Epoch [23], Train Loss : [0.69653] Val Loss : [1.09573] Val score : [0.76396] Val ego F1 : [0.9237] Val weather F1 : [0.8656] Val timing F1 : [0.9554]
2023-03-07 17:12:36,764 - train - INFO - saved new best score model
2023-03-07 17:12:36,769 - train - INFO - ----------------------------------------------------------------------------------------------------
2023-03-07 17:12:36,770 - train - INFO - [24] Epoch Training................
2023-03-07 17:24:23,025 - train - INFO - Epoch [24], Train Loss : [0.68829] Val Loss : [1.08535] Val score : [0.72197] Val ego F1 : [0.9345] Val weather F1 : [0.8017] Val timing F1 : [0.9637]
2023-03-07 17:24:23,028 - train - INFO - ----------------------------------------------------------------------------------------------------
2023-03-07 17:24:23,029 - train - INFO - [25] Epoch Training................
2023-03-07 17:35:58,226 - train - INFO - Epoch [25], Train Loss : [0.68876] Val Loss : [1.12042] Val score : [0.73935] Val ego F1 : [0.9345] Val weather F1 : [0.8279] Val timing F1 : [0.9557]
2023-03-07 17:35:58,229 - train - INFO - ----------------------------------------------------------------------------------------------------
2023-03-07 17:35:58,229 - train - INFO - [26] Epoch Training................
2023-03-07 17:47:28,048 - train - INFO - Epoch [26], Train Loss : [0.68584] Val Loss : [1.06978] Val score : [0.71990] Val ego F1 : [0.9175] Val weather F1 : [0.8177] Val timing F1 : [0.9596]
2023-03-07 17:47:28,052 - train - INFO - ----------------------------------------------------------------------------------------------------
2023-03-07 17:47:28,052 - train - INFO - [27] Epoch Training................
2023-03-07 17:58:56,423 - train - INFO - Epoch [27], Train Loss : [0.67087] Val Loss : [1.11869] Val score : [0.72515] Val ego F1 : [0.9275] Val weather F1 : [0.8219] Val timing F1 : [0.9513]
2023-03-07 17:58:56,426 - train - INFO - ----------------------------------------------------------------------------------------------------
2023-03-07 17:58:56,426 - train - INFO - [28] Epoch Training................
2023-03-07 18:10:30,167 - train - INFO - Epoch [28], Train Loss : [0.66338] Val Loss : [1.08945] Val score : [0.71535] Val ego F1 : [0.9064] Val weather F1 : [0.8153] Val timing F1 : [0.9680]
2023-03-07 18:10:30,170 - train - INFO - ----------------------------------------------------------------------------------------------------
2023-03-07 18:10:30,170 - train - INFO - [29] Epoch Training................
2023-03-07 18:21:59,289 - train - INFO - Epoch [29], Train Loss : [0.65690] Val Loss : [1.11931] Val score : [0.72836] Val ego F1 : [0.9205] Val weather F1 : [0.8175] Val timing F1 : [0.9678]
2023-03-07 18:21:59,292 - train - INFO - ----------------------------------------------------------------------------------------------------
2023-03-07 18:21:59,292 - train - INFO - [30] Epoch Training................
2023-03-07 18:33:46,384 - train - INFO - Epoch [30], Train Loss : [0.65227] Val Loss : [1.13833] Val score : [0.72195] Val ego F1 : [0.9275] Val weather F1 : [0.8111] Val timing F1 : [0.9596]
2023-03-07 18:33:46,387 - train - INFO - ----------------------------------------------------------------------------------------------------
2023-03-07 18:33:46,387 - train - INFO - [31] Epoch Training................
2023-03-07 18:45:32,370 - train - INFO - Epoch [31], Train Loss : [0.64982] Val Loss : [1.15908] Val score : [0.75269] Val ego F1 : [0.9345] Val weather F1 : [0.8430] Val timing F1 : [0.9554]
2023-03-07 18:45:32,374 - train - INFO - ----------------------------------------------------------------------------------------------------
2023-03-07 18:45:32,374 - train - INFO - [32] Epoch Training................
2023-03-07 18:57:21,747 - train - INFO - Epoch [32], Train Loss : [0.64881] Val Loss : [1.06683] Val score : [0.76010] Val ego F1 : [0.9345] Val weather F1 : [0.8370] Val timing F1 : [0.9718]
2023-03-07 18:57:21,750 - train - INFO - ----------------------------------------------------------------------------------------------------
2023-03-07 18:57:21,750 - train - INFO - [33] Epoch Training................
2023-03-07 19:08:49,482 - train - INFO - Epoch [33], Train Loss : [0.64946] Val Loss : [1.13160] Val score : [0.76555] Val ego F1 : [0.9345] Val weather F1 : [0.8606] Val timing F1 : [0.9519]
2023-03-07 19:08:52,233 - train - INFO - saved new best score model
2023-03-07 19:08:52,236 - train - INFO - ----------------------------------------------------------------------------------------------------
2023-03-07 19:08:52,236 - train - INFO - [34] Epoch Training................
2023-03-07 19:20:34,922 - train - INFO - Epoch [34], Train Loss : [0.65526] Val Loss : [1.10039] Val score : [0.73901] Val ego F1 : [0.9345] Val weather F1 : [0.8238] Val timing F1 : [0.9600]
2023-03-07 19:20:34,927 - train - INFO - ----------------------------------------------------------------------------------------------------
2023-03-07 19:20:34,927 - train - INFO - [35] Epoch Training................
2023-03-07 19:31:55,855 - train - INFO - Epoch [35], Train Loss : [0.64848] Val Loss : [1.12123] Val score : [0.72942] Val ego F1 : [0.9345] Val weather F1 : [0.8168] Val timing F1 : [0.9557]
2023-03-07 19:31:55,858 - train - INFO - ----------------------------------------------------------------------------------------------------
2023-03-07 19:31:55,858 - train - INFO - [36] Epoch Training................
2023-03-07 19:43:38,322 - train - INFO - Epoch [36], Train Loss : [0.64699] Val Loss : [1.11986] Val score : [0.73899] Val ego F1 : [0.9345] Val weather F1 : [0.8205] Val timing F1 : [0.9639]
2023-03-07 19:43:38,326 - train - INFO - ----------------------------------------------------------------------------------------------------
2023-03-07 19:43:38,326 - train - INFO - [37] Epoch Training................
2023-03-07 19:55:19,303 - train - INFO - Epoch [37], Train Loss : [0.65120] Val Loss : [1.11710] Val score : [0.75616] Val ego F1 : [0.9345] Val weather F1 : [0.8395] Val timing F1 : [0.9639]
2023-03-07 19:55:19,306 - train - INFO - ----------------------------------------------------------------------------------------------------
2023-03-07 19:55:19,306 - train - INFO - [38] Epoch Training................
2023-03-07 20:06:57,316 - train - INFO - Epoch [38], Train Loss : [0.65348] Val Loss : [1.07520] Val score : [0.75781] Val ego F1 : [0.9345] Val weather F1 : [0.8415] Val timing F1 : [0.9637]
2023-03-07 20:06:57,319 - train - INFO - ----------------------------------------------------------------------------------------------------
2023-03-07 20:06:57,319 - train - INFO - [39] Epoch Training................
2023-03-07 20:18:44,578 - train - INFO - Epoch [39], Train Loss : [0.64220] Val Loss : [1.12143] Val score : [0.74994] Val ego F1 : [0.9345] Val weather F1 : [0.8400] Val timing F1 : [0.9554]
2023-03-07 20:18:44,581 - train - INFO - ----------------------------------------------------------------------------------------------------
2023-03-07 20:18:44,581 - train - INFO - [40] Epoch Training................
2023-03-07 20:30:24,378 - train - INFO - Epoch [40], Train Loss : [0.64809] Val Loss : [1.09278] Val score : [0.75317] Val ego F1 : [0.9345] Val weather F1 : [0.8399] Val timing F1 : [0.9596]
2023-03-07 20:30:24,381 - train - INFO - ----------------------------------------------------------------------------------------------------
2023-03-07 20:30:24,381 - train - INFO - [41] Epoch Training................
2023-03-07 20:42:00,281 - train - INFO - Epoch [41], Train Loss : [0.64869] Val Loss : [1.12042] Val score : [0.73897] Val ego F1 : [0.9345] Val weather F1 : [0.8239] Val timing F1 : [0.9598]
2023-03-07 20:42:00,284 - train - INFO - ----------------------------------------------------------------------------------------------------
2023-03-07 20:42:00,284 - train - INFO - [42] Epoch Training................
2023-03-07 20:53:40,689 - train - INFO - Epoch [42], Train Loss : [0.63827] Val Loss : [1.10331] Val score : [0.74460] Val ego F1 : [0.9345] Val weather F1 : [0.8270] Val timing F1 : [0.9635]
2023-03-07 20:53:40,692 - train - INFO - ----------------------------------------------------------------------------------------------------
2023-03-07 20:53:40,692 - train - INFO - [43] Epoch Training................
2023-03-07 21:05:14,242 - train - INFO - Epoch [43], Train Loss : [0.64413] Val Loss : [1.15885] Val score : [0.73655] Val ego F1 : [0.9345] Val weather F1 : [0.8248] Val timing F1 : [0.9557]
2023-03-07 21:05:14,246 - train - INFO - ----------------------------------------------------------------------------------------------------
2023-03-07 21:05:14,246 - train - INFO - [44] Epoch Training................
2023-03-07 21:16:47,786 - train - INFO - Epoch [44], Train Loss : [0.64697] Val Loss : [1.17651] Val score : [0.71229] Val ego F1 : [0.9345] Val weather F1 : [0.7974] Val timing F1 : [0.9559]
2023-03-07 21:16:47,789 - train - INFO - ----------------------------------------------------------------------------------------------------
2023-03-07 21:16:47,789 - train - INFO - [45] Epoch Training................
2023-03-07 21:28:24,846 - train - INFO - Epoch [45], Train Loss : [0.64080] Val Loss : [1.12874] Val score : [0.72100] Val ego F1 : [0.9345] Val weather F1 : [0.8072] Val timing F1 : [0.9559]
2023-03-07 21:28:24,852 - train - INFO - ----------------------------------------------------------------------------------------------------
2023-03-07 21:28:24,852 - train - INFO - [46] Epoch Training................
2023-03-07 21:40:10,749 - train - INFO - Epoch [46], Train Loss : [0.64666] Val Loss : [1.03859] Val score : [0.75003] Val ego F1 : [0.9345] Val weather F1 : [0.8292] Val timing F1 : [0.9680]
2023-03-07 21:40:10,752 - train - INFO - ----------------------------------------------------------------------------------------------------
2023-03-07 21:40:10,752 - train - INFO - [47] Epoch Training................
2023-03-07 21:51:46,427 - train - INFO - Epoch [47], Train Loss : [0.64286] Val Loss : [1.18146] Val score : [0.72557] Val ego F1 : [0.9279] Val weather F1 : [0.8254] Val timing F1 : [0.9473]
2023-03-07 21:51:46,430 - train - INFO - ----------------------------------------------------------------------------------------------------
2023-03-07 21:51:46,430 - train - INFO - [48] Epoch Training................
2023-03-07 22:03:11,981 - train - INFO - Epoch [48], Train Loss : [0.63991] Val Loss : [1.14027] Val score : [0.74208] Val ego F1 : [0.9345] Val weather F1 : [0.8274] Val timing F1 : [0.9598]
2023-03-07 22:03:11,983 - train - INFO - ----------------------------------------------------------------------------------------------------
2023-03-07 22:03:11,984 - train - INFO - [49] Epoch Training................
2023-03-07 22:14:29,896 - train - INFO - Epoch [49], Train Loss : [0.64390] Val Loss : [1.14060] Val score : [0.74699] Val ego F1 : [0.9345] Val weather F1 : [0.8293] Val timing F1 : [0.9639]
2023-03-07 22:14:29,901 - train - INFO - ----------------------------------------------------------------------------------------------------
2023-03-07 22:14:29,901 - train - INFO - [50] Epoch Training................
2023-03-07 22:25:49,130 - train - INFO - Epoch [50], Train Loss : [0.63927] Val Loss : [1.07315] Val score : [0.72455] Val ego F1 : [0.9345] Val weather F1 : [0.7978] Val timing F1 : [0.9719]
2023-03-07 22:25:49,134 - train - INFO - ----------------------------------------------------------------------------------------------------
2023-03-07 22:25:49,134 - train - INFO - [51] Epoch Training................
2023-03-07 22:37:08,696 - train - INFO - Epoch [51], Train Loss : [0.64364] Val Loss : [1.13791] Val score : [0.72331] Val ego F1 : [0.9345] Val weather F1 : [0.8101] Val timing F1 : [0.9554]
2023-03-07 22:37:08,699 - train - INFO - ----------------------------------------------------------------------------------------------------
2023-03-07 22:37:08,699 - train - INFO - [52] Epoch Training................
2023-03-07 22:48:42,728 - train - INFO - Epoch [52], Train Loss : [0.64598] Val Loss : [1.12520] Val score : [0.72851] Val ego F1 : [0.9345] Val weather F1 : [0.8088] Val timing F1 : [0.9639]
2023-03-07 22:48:42,731 - train - INFO - ----------------------------------------------------------------------------------------------------
2023-03-07 22:48:42,731 - train - INFO - [53] Epoch Training................
2023-03-07 23:00:07,942 - train - INFO - Epoch [53], Train Loss : [0.64014] Val Loss : [1.12301] Val score : [0.71662] Val ego F1 : [0.9345] Val weather F1 : [0.8023] Val timing F1 : [0.9559]
2023-03-07 23:00:07,945 - train - INFO - ----------------------------------------------------------------------------------------------------
2023-03-07 23:00:07,945 - train - INFO - [54] Epoch Training................
2023-03-07 23:11:50,233 - train - INFO - Epoch [54], Train Loss : [0.64241] Val Loss : [1.15335] Val score : [0.75432] Val ego F1 : [0.9345] Val weather F1 : [0.8411] Val timing F1 : [0.9598]
2023-03-07 23:11:50,237 - train - INFO - ----------------------------------------------------------------------------------------------------
2023-03-07 23:11:50,237 - train - INFO - [55] Epoch Training................
2023-03-07 23:23:25,729 - train - INFO - Epoch [55], Train Loss : [0.63977] Val Loss : [1.09668] Val score : [0.75004] Val ego F1 : [0.9345] Val weather F1 : [0.8293] Val timing F1 : [0.9678]
2023-03-07 23:23:25,732 - train - INFO - ----------------------------------------------------------------------------------------------------
2023-03-07 23:23:25,732 - train - INFO - [56] Epoch Training................
2023-03-07 23:34:51,119 - train - INFO - Epoch [56], Train Loss : [0.64326] Val Loss : [1.19085] Val score : [0.73800] Val ego F1 : [0.9345] Val weather F1 : [0.8262] Val timing F1 : [0.9559]
2023-03-07 23:34:51,122 - train - INFO - ----------------------------------------------------------------------------------------------------
2023-03-07 23:34:51,122 - train - INFO - [57] Epoch Training................
2023-03-07 23:46:16,839 - train - INFO - Epoch [57], Train Loss : [0.63757] Val Loss : [1.13237] Val score : [0.73211] Val ego F1 : [0.9345] Val weather F1 : [0.8198] Val timing F1 : [0.9557]
2023-03-07 23:46:16,842 - train - INFO - ----------------------------------------------------------------------------------------------------
2023-03-07 23:46:16,842 - train - INFO - [58] Epoch Training................
2023-03-07 23:57:35,069 - train - INFO - Epoch [58], Train Loss : [0.64387] Val Loss : [1.07941] Val score : [0.75305] Val ego F1 : [0.9345] Val weather F1 : [0.8398] Val timing F1 : [0.9596]
2023-03-07 23:57:35,072 - train - INFO - ----------------------------------------------------------------------------------------------------
2023-03-07 23:57:35,072 - train - INFO - [59] Epoch Training................
2023-03-08 00:09:12,771 - train - INFO - Epoch [59], Train Loss : [0.64271] Val Loss : [1.08394] Val score : [0.76766] Val ego F1 : [0.9345] Val weather F1 : [0.8454] Val timing F1 : [0.9718]
2023-03-08 00:09:15,322 - train - INFO - saved new best score model
2023-03-08 00:09:15,325 - train - INFO - ----------------------------------------------------------------------------------------------------
2023-03-08 00:09:15,326 - train - INFO - [60] Epoch Training................
2023-03-08 00:20:59,504 - train - INFO - Epoch [60], Train Loss : [0.64117] Val Loss : [1.13847] Val score : [0.72522] Val ego F1 : [0.9345] Val weather F1 : [0.8153] Val timing F1 : [0.9519]
2023-03-08 00:20:59,507 - train - INFO - ----------------------------------------------------------------------------------------------------
2023-03-08 00:20:59,507 - train - INFO - [61] Epoch Training................
2023-03-08 00:32:32,983 - train - INFO - Epoch [61], Train Loss : [0.63146] Val Loss : [1.10125] Val score : [0.72851] Val ego F1 : [0.9345] Val weather F1 : [0.8088] Val timing F1 : [0.9639]
2023-03-08 00:32:32,986 - train - INFO - ----------------------------------------------------------------------------------------------------
2023-03-08 00:32:32,986 - train - INFO - [62] Epoch Training................
2023-03-08 00:44:15,422 - train - INFO - Epoch [62], Train Loss : [0.64374] Val Loss : [1.13559] Val score : [0.70436] Val ego F1 : [0.9345] Val weather F1 : [0.7820] Val timing F1 : [0.9639]
2023-03-08 00:44:15,425 - train - INFO - ----------------------------------------------------------------------------------------------------
2023-03-08 00:44:15,425 - train - INFO - [63] Epoch Training................
2023-03-08 00:55:53,132 - train - INFO - Epoch [63], Train Loss : [0.63904] Val Loss : [1.07874] Val score : [0.76748] Val ego F1 : [0.9345] Val weather F1 : [0.8556] Val timing F1 : [0.9600]
2023-03-08 00:55:53,135 - train - INFO - ----------------------------------------------------------------------------------------------------
2023-03-08 00:55:53,135 - train - INFO - [64] Epoch Training................
2023-03-08 01:07:11,213 - train - INFO - Epoch [64], Train Loss : [0.64054] Val Loss : [1.03232] Val score : [0.78547] Val ego F1 : [0.9345] Val weather F1 : [0.8649] Val timing F1 : [0.9719]
2023-03-08 01:07:13,877 - train - INFO - saved new best score model
2023-03-08 01:07:13,881 - train - INFO - ----------------------------------------------------------------------------------------------------
2023-03-08 01:07:13,881 - train - INFO - [65] Epoch Training................
2023-03-08 01:18:41,486 - train - INFO - Epoch [65], Train Loss : [0.64109] Val Loss : [1.08629] Val score : [0.75894] Val ego F1 : [0.9345] Val weather F1 : [0.8390] Val timing F1 : [0.9680]
2023-03-08 01:18:41,492 - train - INFO - ----------------------------------------------------------------------------------------------------
2023-03-08 01:18:41,492 - train - INFO - [66] Epoch Training................
2023-03-08 01:30:21,076 - train - INFO - Epoch [66], Train Loss : [0.64974] Val Loss : [1.16952] Val score : [0.69975] Val ego F1 : [0.9345] Val weather F1 : [0.7834] Val timing F1 : [0.9559]
2023-03-08 01:30:21,079 - train - INFO - ----------------------------------------------------------------------------------------------------
2023-03-08 01:30:21,079 - train - INFO - [67] Epoch Training................
2023-03-08 01:41:51,773 - train - INFO - Epoch [67], Train Loss : [0.64104] Val Loss : [1.14770] Val score : [0.70295] Val ego F1 : [0.9345] Val weather F1 : [0.7872] Val timing F1 : [0.9557]
2023-03-08 01:41:51,777 - train - INFO - ----------------------------------------------------------------------------------------------------
2023-03-08 01:41:51,777 - train - INFO - [68] Epoch Training................
2023-03-08 01:53:15,958 - train - INFO - Epoch [68], Train Loss : [0.64014] Val Loss : [1.09261] Val score : [0.74922] Val ego F1 : [0.9345] Val weather F1 : [0.8354] Val timing F1 : [0.9598]
2023-03-08 01:53:15,963 - train - INFO - ----------------------------------------------------------------------------------------------------
2023-03-08 01:53:15,963 - train - INFO - [69] Epoch Training................
2023-03-08 02:04:33,417 - train - INFO - Epoch [69], Train Loss : [0.63796] Val Loss : [1.08905] Val score : [0.74570] Val ego F1 : [0.9345] Val weather F1 : [0.8245] Val timing F1 : [0.9678]
2023-03-08 02:04:33,420 - train - INFO - ----------------------------------------------------------------------------------------------------
2023-03-08 02:04:33,420 - train - INFO - [70] Epoch Training................
2023-03-08 02:16:06,738 - train - INFO - Epoch [70], Train Loss : [0.63857] Val Loss : [1.06158] Val score : [0.73290] Val ego F1 : [0.9345] Val weather F1 : [0.8103] Val timing F1 : [0.9680]
2023-03-08 02:16:06,742 - train - INFO - ----------------------------------------------------------------------------------------------------
2023-03-08 02:16:06,742 - train - INFO - [71] Epoch Training................
2023-03-08 02:27:34,700 - train - INFO - Epoch [71], Train Loss : [0.64118] Val Loss : [1.11709] Val score : [0.73328] Val ego F1 : [0.9345] Val weather F1 : [0.8107] Val timing F1 : [0.9680]
2023-03-08 02:27:34,704 - train - INFO - ----------------------------------------------------------------------------------------------------
2023-03-08 02:27:34,704 - train - INFO - [72] Epoch Training................
2023-03-08 02:39:09,120 - train - INFO - Epoch [72], Train Loss : [0.64174] Val Loss : [1.15019] Val score : [0.72268] Val ego F1 : [0.9345] Val weather F1 : [0.8091] Val timing F1 : [0.9559]
2023-03-08 02:39:09,123 - train - INFO - ----------------------------------------------------------------------------------------------------
2023-03-08 02:39:09,124 - train - INFO - [73] Epoch Training................
2023-03-08 02:50:49,800 - train - INFO - Epoch [73], Train Loss : [0.64216] Val Loss : [1.10889] Val score : [0.75767] Val ego F1 : [0.9345] Val weather F1 : [0.8411] Val timing F1 : [0.9640]
2023-03-08 02:50:49,803 - train - INFO - ----------------------------------------------------------------------------------------------------
2023-03-08 02:50:49,804 - train - INFO - [74] Epoch Training................
2023-03-08 03:02:00,255 - train - INFO - Epoch [74], Train Loss : [0.64380] Val Loss : [1.12688] Val score : [0.72443] Val ego F1 : [0.9345] Val weather F1 : [0.8112] Val timing F1 : [0.9557]
2023-03-08 03:02:00,257 - train - INFO - ----------------------------------------------------------------------------------------------------
2023-03-08 03:02:00,258 - train - INFO - [75] Epoch Training................
2023-03-08 03:13:27,745 - train - INFO - Epoch [75], Train Loss : [0.64345] Val Loss : [1.13212] Val score : [0.74028] Val ego F1 : [0.9345] Val weather F1 : [0.8254] Val timing F1 : [0.9598]
2023-03-08 03:13:27,748 - train - INFO - ----------------------------------------------------------------------------------------------------
2023-03-08 03:13:27,748 - train - INFO - [76] Epoch Training................
2023-03-08 03:24:56,292 - train - INFO - Epoch [76], Train Loss : [0.64399] Val Loss : [1.10597] Val score : [0.73514] Val ego F1 : [0.9345] Val weather F1 : [0.8162] Val timing F1 : [0.9639]
2023-03-08 03:24:56,296 - train - INFO - ----------------------------------------------------------------------------------------------------
2023-03-08 03:24:56,296 - train - INFO - [77] Epoch Training................
2023-03-08 03:36:38,786 - train - INFO - Epoch [77], Train Loss : [0.65126] Val Loss : [1.13011] Val score : [0.74954] Val ego F1 : [0.9345] Val weather F1 : [0.8395] Val timing F1 : [0.9554]
2023-03-08 03:36:38,789 - train - INFO - ----------------------------------------------------------------------------------------------------
2023-03-08 03:36:38,789 - train - INFO - [78] Epoch Training................
2023-03-08 03:48:19,798 - train - INFO - Epoch [78], Train Loss : [0.64643] Val Loss : [1.09172] Val score : [0.75965] Val ego F1 : [0.9345] Val weather F1 : [0.8400] Val timing F1 : [0.9678]
2023-03-08 03:48:19,801 - train - INFO - ----------------------------------------------------------------------------------------------------
2023-03-08 03:48:19,801 - train - INFO - [79] Epoch Training................
2023-03-08 03:59:51,773 - train - INFO - Epoch [79], Train Loss : [0.64421] Val Loss : [1.08128] Val score : [0.76624] Val ego F1 : [0.9345] Val weather F1 : [0.8582] Val timing F1 : [0.9554]
2023-03-08 03:59:51,776 - train - INFO - ----------------------------------------------------------------------------------------------------
2023-03-08 03:59:51,776 - train - INFO - [80] Epoch Training................
2023-03-08 04:11:30,383 - train - INFO - Epoch [80], Train Loss : [0.63990] Val Loss : [1.17397] Val score : [0.74194] Val ego F1 : [0.9345] Val weather F1 : [0.8306] Val timing F1 : [0.9559]
2023-03-08 04:11:30,386 - train - INFO - ----------------------------------------------------------------------------------------------------
2023-03-08 04:11:30,386 - train - INFO - [81] Epoch Training................
2023-03-08 04:23:06,272 - train - INFO - Epoch [81], Train Loss : [0.64482] Val Loss : [1.11038] Val score : [0.74346] Val ego F1 : [0.9345] Val weather F1 : [0.8253] Val timing F1 : [0.9640]
2023-03-08 04:23:06,275 - train - INFO - ----------------------------------------------------------------------------------------------------
2023-03-08 04:23:06,275 - train - INFO - [82] Epoch Training................
2023-03-08 04:34:37,584 - train - INFO - Epoch [82], Train Loss : [0.64072] Val Loss : [1.11761] Val score : [0.72516] Val ego F1 : [0.9345] Val weather F1 : [0.8119] Val timing F1 : [0.9559]
2023-03-08 04:34:37,588 - train - INFO - ----------------------------------------------------------------------------------------------------
2023-03-08 04:34:37,588 - train - INFO - [83] Epoch Training................
2023-03-08 04:46:14,069 - train - INFO - Epoch [83], Train Loss : [0.64108] Val Loss : [1.15329] Val score : [0.72102] Val ego F1 : [0.9345] Val weather F1 : [0.8074] Val timing F1 : [0.9557]
2023-03-08 04:46:14,072 - train - INFO - ----------------------------------------------------------------------------------------------------
2023-03-08 04:46:14,072 - train - INFO - [84] Epoch Training................
2023-03-08 04:57:50,950 - train - INFO - Epoch [84], Train Loss : [0.63866] Val Loss : [1.14130] Val score : [0.75581] Val ego F1 : [0.9345] Val weather F1 : [0.8463] Val timing F1 : [0.9557]
2023-03-08 04:57:50,953 - train - INFO - ----------------------------------------------------------------------------------------------------
2023-03-08 04:57:50,953 - train - INFO - [85] Epoch Training................
2023-03-08 05:09:32,418 - train - INFO - Epoch [85], Train Loss : [0.64187] Val Loss : [1.12264] Val score : [0.73145] Val ego F1 : [0.9345] Val weather F1 : [0.8191] Val timing F1 : [0.9557]
2023-03-08 05:09:32,422 - train - INFO - ----------------------------------------------------------------------------------------------------
2023-03-08 05:09:32,422 - train - INFO - [86] Epoch Training................
2023-03-08 05:21:16,038 - train - INFO - Epoch [86], Train Loss : [0.64438] Val Loss : [1.16957] Val score : [0.71105] Val ego F1 : [0.9345] Val weather F1 : [0.7962] Val timing F1 : [0.9557]
2023-03-08 05:21:16,041 - train - INFO - ----------------------------------------------------------------------------------------------------
2023-03-08 05:21:16,041 - train - INFO - [87] Epoch Training................
2023-03-08 05:32:54,394 - train - INFO - Epoch [87], Train Loss : [0.64830] Val Loss : [1.11208] Val score : [0.74436] Val ego F1 : [0.9345] Val weather F1 : [0.8230] Val timing F1 : [0.9678]
2023-03-08 05:32:54,397 - train - INFO - ----------------------------------------------------------------------------------------------------
2023-03-08 05:32:54,397 - train - INFO - [88] Epoch Training................
2023-03-08 05:44:30,902 - train - INFO - Epoch [88], Train Loss : [0.63517] Val Loss : [1.12833] Val score : [0.73424] Val ego F1 : [0.9345] Val weather F1 : [0.8119] Val timing F1 : [0.9678]
2023-03-08 05:44:30,905 - train - INFO - ----------------------------------------------------------------------------------------------------
2023-03-08 05:44:30,905 - train - INFO - [89] Epoch Training................
2023-03-08 05:56:08,483 - train - INFO - Epoch [89], Train Loss : [0.64394] Val Loss : [1.12282] Val score : [0.74367] Val ego F1 : [0.9345] Val weather F1 : [0.8326] Val timing F1 : [0.9559]
2023-03-08 05:56:08,486 - train - INFO - ----------------------------------------------------------------------------------------------------
2023-03-08 05:56:08,486 - train - INFO - [90] Epoch Training................
2023-03-08 06:07:31,770 - train - INFO - Epoch [90], Train Loss : [0.64051] Val Loss : [1.13560] Val score : [0.70942] Val ego F1 : [0.9345] Val weather F1 : [0.7911] Val timing F1 : [0.9596]
2023-03-08 06:07:31,773 - train - INFO - ----------------------------------------------------------------------------------------------------
2023-03-08 06:07:31,773 - train - INFO - [91] Epoch Training................
2023-03-08 06:19:11,007 - train - INFO - Epoch [91], Train Loss : [0.63903] Val Loss : [1.13879] Val score : [0.76545] Val ego F1 : [0.9345] Val weather F1 : [0.8535] Val timing F1 : [0.9598]
2023-03-08 06:19:11,010 - train - INFO - ----------------------------------------------------------------------------------------------------
2023-03-08 06:19:11,010 - train - INFO - [92] Epoch Training................
2023-03-08 06:30:40,896 - train - INFO - Epoch [92], Train Loss : [0.64219] Val Loss : [1.12250] Val score : [0.76092] Val ego F1 : [0.9345] Val weather F1 : [0.8448] Val timing F1 : [0.9639]
2023-03-08 06:30:40,898 - train - INFO - ----------------------------------------------------------------------------------------------------
2023-03-08 06:30:40,898 - train - INFO - [93] Epoch Training................
2023-03-08 06:42:02,622 - train - INFO - Epoch [93], Train Loss : [0.64271] Val Loss : [1.12370] Val score : [0.75371] Val ego F1 : [0.9345] Val weather F1 : [0.8438] Val timing F1 : [0.9559]
2023-03-08 06:42:02,625 - train - INFO - ----------------------------------------------------------------------------------------------------
2023-03-08 06:42:02,626 - train - INFO - [94] Epoch Training................
2023-03-08 06:53:31,337 - train - INFO - Epoch [94], Train Loss : [0.64128] Val Loss : [1.13669] Val score : [0.71525] Val ego F1 : [0.9345] Val weather F1 : [0.7942] Val timing F1 : [0.9637]
2023-03-08 06:53:31,340 - train - INFO - ----------------------------------------------------------------------------------------------------
2023-03-08 06:53:31,340 - train - INFO - [95] Epoch Training................
2023-03-08 07:05:09,720 - train - INFO - Epoch [95], Train Loss : [0.64175] Val Loss : [1.06288] Val score : [0.77611] Val ego F1 : [0.9345] Val weather F1 : [0.8617] Val timing F1 : [0.9639]
2023-03-08 07:05:09,723 - train - INFO - ----------------------------------------------------------------------------------------------------
2023-03-08 07:05:09,723 - train - INFO - [96] Epoch Training................
2023-03-08 07:16:43,031 - train - INFO - Epoch [96], Train Loss : [0.64148] Val Loss : [1.10474] Val score : [0.72967] Val ego F1 : [0.9345] Val weather F1 : [0.8171] Val timing F1 : [0.9557]
2023-03-08 07:16:43,036 - train - INFO - ----------------------------------------------------------------------------------------------------
2023-03-08 07:16:43,036 - train - INFO - [97] Epoch Training................
2023-03-08 07:28:18,394 - train - INFO - Epoch [97], Train Loss : [0.63984] Val Loss : [1.11763] Val score : [0.74931] Val ego F1 : [0.9345] Val weather F1 : [0.8391] Val timing F1 : [0.9557]
2023-03-08 07:28:18,398 - train - INFO - ----------------------------------------------------------------------------------------------------
2023-03-08 07:28:18,398 - train - INFO - [98] Epoch Training................
2023-03-08 07:39:47,624 - train - INFO - Epoch [98], Train Loss : [0.64025] Val Loss : [1.15863] Val score : [0.74383] Val ego F1 : [0.9345] Val weather F1 : [0.8294] Val timing F1 : [0.9598]
2023-03-08 07:39:47,628 - train - INFO - ----------------------------------------------------------------------------------------------------
2023-03-08 07:39:47,628 - train - INFO - [99] Epoch Training................
2023-03-08 07:51:22,008 - train - INFO - Epoch [99], Train Loss : [0.64168] Val Loss : [1.09956] Val score : [0.73927] Val ego F1 : [0.9345] Val weather F1 : [0.8174] Val timing F1 : [0.9678]
2023-03-08 07:51:22,011 - train - INFO - ----------------------------------------------------------------------------------------------------
2023-03-08 07:51:22,011 - train - INFO - [100] Epoch Training................
2023-03-08 08:03:23,673 - train - INFO - Epoch [100], Train Loss : [0.64553] Val Loss : [1.14827] Val score : [0.73889] Val ego F1 : [0.9345] Val weather F1 : [0.8274] Val timing F1 : [0.9557]
2023-03-08 08:03:23,673 - train - INFO - train completed, best_metric: 0.7855
