2023-03-08 10:27:40,739 - train - INFO - Namespace(batch_size=8, epochs=100, gpu='1,2', img_size=128, lr=0.0003, num_class=13, save_dir='./save_log', save_name='0308conv', seed=7777, vide_length=50)
2023-03-08 10:27:51,189 - train - INFO - ----------------------------------------------------------------------------------------------------
2023-03-08 10:27:51,191 - train - INFO - [1] Epoch Training................
2023-03-08 10:41:20,947 - train - INFO - Epoch [1], Train Loss : [7.54422] Val Loss : [1.54480] Val score : [0.32963] Val ego F1 : [0.5749] Val weather F1 : [0.5946] Val timing F1 : [0.9642]
2023-03-08 10:41:23,683 - train - INFO - saved new best score model
2023-03-08 10:41:23,686 - train - INFO - ----------------------------------------------------------------------------------------------------
2023-03-08 10:41:23,687 - train - INFO - [2] Epoch Training................
2023-03-08 10:53:06,584 - train - INFO - Epoch [2], Train Loss : [1.29612] Val Loss : [1.13149] Val score : [0.63637] Val ego F1 : [0.8922] Val weather F1 : [0.7399] Val timing F1 : [0.9640]
2023-03-08 10:53:09,590 - train - INFO - saved new best score model
2023-03-08 10:53:09,594 - train - INFO - ----------------------------------------------------------------------------------------------------
2023-03-08 10:53:09,594 - train - INFO - [3] Epoch Training................
2023-03-08 11:04:59,995 - train - INFO - Epoch [3], Train Loss : [1.16072] Val Loss : [1.07079] Val score : [0.52124] Val ego F1 : [0.9084] Val weather F1 : [0.5928] Val timing F1 : [0.9678]
2023-03-08 11:04:59,998 - train - INFO - ----------------------------------------------------------------------------------------------------
2023-03-08 11:04:59,998 - train - INFO - [4] Epoch Training................
2023-03-08 11:16:27,753 - train - INFO - Epoch [4], Train Loss : [1.09691] Val Loss : [1.15623] Val score : [0.65886] Val ego F1 : [0.9209] Val weather F1 : [0.7779] Val timing F1 : [0.9197]
2023-03-08 11:16:30,511 - train - INFO - saved new best score model
2023-03-08 11:16:30,514 - train - INFO - ----------------------------------------------------------------------------------------------------
2023-03-08 11:16:30,514 - train - INFO - [5] Epoch Training................
2023-03-08 11:27:53,825 - train - INFO - Epoch [5], Train Loss : [1.04603] Val Loss : [1.18110] Val score : [0.65185] Val ego F1 : [0.8679] Val weather F1 : [0.7893] Val timing F1 : [0.9515]
2023-03-08 11:27:53,829 - train - INFO - ----------------------------------------------------------------------------------------------------
2023-03-08 11:27:53,829 - train - INFO - [6] Epoch Training................
2023-03-08 11:39:32,770 - train - INFO - Epoch [6], Train Loss : [1.00417] Val Loss : [1.15373] Val score : [0.67976] Val ego F1 : [0.9267] Val weather F1 : [0.7785] Val timing F1 : [0.9423]
2023-03-08 11:39:35,952 - train - INFO - saved new best score model
2023-03-08 11:39:35,955 - train - INFO - ----------------------------------------------------------------------------------------------------
2023-03-08 11:39:35,956 - train - INFO - [7] Epoch Training................
2023-03-08 11:51:33,904 - train - INFO - Epoch [7], Train Loss : [0.96470] Val Loss : [1.06607] Val score : [0.66939] Val ego F1 : [0.9068] Val weather F1 : [0.7597] Val timing F1 : [0.9718]
2023-03-08 11:51:33,907 - train - INFO - ----------------------------------------------------------------------------------------------------
2023-03-08 11:51:33,908 - train - INFO - [8] Epoch Training................
2023-03-08 12:03:12,415 - train - INFO - Epoch [8], Train Loss : [0.94849] Val Loss : [1.06121] Val score : [0.66606] Val ego F1 : [0.9121] Val weather F1 : [0.7483] Val timing F1 : [0.9759]
2023-03-08 12:03:12,421 - train - INFO - ----------------------------------------------------------------------------------------------------
2023-03-08 12:03:12,421 - train - INFO - [9] Epoch Training................
2023-03-08 12:15:03,137 - train - INFO - Epoch [9], Train Loss : [0.90663] Val Loss : [1.19876] Val score : [0.60990] Val ego F1 : [0.9350] Val weather F1 : [0.6883] Val timing F1 : [0.9476]
2023-03-08 12:15:03,140 - train - INFO - ----------------------------------------------------------------------------------------------------
2023-03-08 12:15:03,140 - train - INFO - [10] Epoch Training................
2023-03-08 12:26:34,663 - train - INFO - Epoch [10], Train Loss : [0.78681] Val Loss : [1.20758] Val score : [0.67082] Val ego F1 : [0.8967] Val weather F1 : [0.7896] Val timing F1 : [0.9473]
2023-03-08 12:26:34,666 - train - INFO - ----------------------------------------------------------------------------------------------------
2023-03-08 12:26:34,666 - train - INFO - [11] Epoch Training................
2023-03-08 12:38:05,239 - train - INFO - Epoch [11], Train Loss : [0.76805] Val Loss : [1.10363] Val score : [0.63294] Val ego F1 : [0.9293] Val weather F1 : [0.7008] Val timing F1 : [0.9719]
2023-03-08 12:38:05,242 - train - INFO - ----------------------------------------------------------------------------------------------------
2023-03-08 12:38:05,242 - train - INFO - [12] Epoch Training................
2023-03-08 12:49:41,333 - train - INFO - Epoch [12], Train Loss : [0.76118] Val Loss : [1.06446] Val score : [0.68405] Val ego F1 : [0.9421] Val weather F1 : [0.7530] Val timing F1 : [0.9642]
2023-03-08 12:49:44,312 - train - INFO - saved new best score model
2023-03-08 12:49:44,318 - train - INFO - ----------------------------------------------------------------------------------------------------
2023-03-08 12:49:44,318 - train - INFO - [13] Epoch Training................
2023-03-08 13:01:07,322 - train - INFO - Epoch [13], Train Loss : [0.75394] Val Loss : [1.02759] Val score : [0.70963] Val ego F1 : [0.9384] Val weather F1 : [0.7849] Val timing F1 : [0.9635]
2023-03-08 13:01:10,228 - train - INFO - saved new best score model
2023-03-08 13:01:10,235 - train - INFO - ----------------------------------------------------------------------------------------------------
2023-03-08 13:01:10,235 - train - INFO - [14] Epoch Training................
2023-03-08 13:12:38,040 - train - INFO - Epoch [14], Train Loss : [0.72815] Val Loss : [1.06485] Val score : [0.70705] Val ego F1 : [0.9274] Val weather F1 : [0.7813] Val timing F1 : [0.9759]
2023-03-08 13:12:38,043 - train - INFO - ----------------------------------------------------------------------------------------------------
2023-03-08 13:12:38,044 - train - INFO - [15] Epoch Training................
2023-03-08 13:24:37,954 - train - INFO - Epoch [15], Train Loss : [0.72006] Val Loss : [1.17336] Val score : [0.71190] Val ego F1 : [0.9165] Val weather F1 : [0.8058] Val timing F1 : [0.9639]
2023-03-08 13:24:40,858 - train - INFO - saved new best score model
2023-03-08 13:24:40,862 - train - INFO - ----------------------------------------------------------------------------------------------------
2023-03-08 13:24:40,862 - train - INFO - [16] Epoch Training................
2023-03-08 13:36:51,390 - train - INFO - Epoch [16], Train Loss : [0.73112] Val Loss : [1.12140] Val score : [0.65719] Val ego F1 : [0.9293] Val weather F1 : [0.7276] Val timing F1 : [0.9719]
2023-03-08 13:36:51,393 - train - INFO - ----------------------------------------------------------------------------------------------------
2023-03-08 13:36:51,393 - train - INFO - [17] Epoch Training................
2023-03-08 13:50:08,172 - train - INFO - Epoch [17], Train Loss : [0.72090] Val Loss : [1.17817] Val score : [0.68052] Val ego F1 : [0.9252] Val weather F1 : [0.7630] Val timing F1 : [0.9640]
2023-03-08 13:50:08,175 - train - INFO - ----------------------------------------------------------------------------------------------------
2023-03-08 13:50:08,175 - train - INFO - [18] Epoch Training................
2023-03-08 14:01:36,827 - train - INFO - Epoch [18], Train Loss : [0.71611] Val Loss : [1.04614] Val score : [0.72430] Val ego F1 : [0.9363] Val weather F1 : [0.8100] Val timing F1 : [0.9550]
2023-03-08 14:01:39,435 - train - INFO - saved new best score model
2023-03-08 14:01:39,438 - train - INFO - ----------------------------------------------------------------------------------------------------
2023-03-08 14:01:39,438 - train - INFO - [19] Epoch Training................
2023-03-08 14:13:08,518 - train - INFO - Epoch [19], Train Loss : [0.72207] Val Loss : [1.06302] Val score : [0.70698] Val ego F1 : [0.9388] Val weather F1 : [0.7748] Val timing F1 : [0.9720]
2023-03-08 14:13:08,521 - train - INFO - ----------------------------------------------------------------------------------------------------
2023-03-08 14:13:08,522 - train - INFO - [20] Epoch Training................
2023-03-08 14:24:52,056 - train - INFO - Epoch [20], Train Loss : [0.71068] Val Loss : [1.27624] Val score : [0.61556] Val ego F1 : [0.9149] Val weather F1 : [0.7039] Val timing F1 : [0.9559]
2023-03-08 14:24:52,060 - train - INFO - ----------------------------------------------------------------------------------------------------
2023-03-08 14:24:52,060 - train - INFO - [21] Epoch Training................
2023-03-08 14:36:10,315 - train - INFO - Epoch [21], Train Loss : [0.70216] Val Loss : [1.07641] Val score : [0.73295] Val ego F1 : [0.9431] Val weather F1 : [0.7995] Val timing F1 : [0.9720]
2023-03-08 14:36:13,513 - train - INFO - saved new best score model
2023-03-08 14:36:13,518 - train - INFO - ----------------------------------------------------------------------------------------------------
2023-03-08 14:36:13,518 - train - INFO - [22] Epoch Training................
2023-03-08 14:47:38,283 - train - INFO - Epoch [22], Train Loss : [0.73460] Val Loss : [1.10122] Val score : [0.70476] Val ego F1 : [0.9492] Val weather F1 : [0.7735] Val timing F1 : [0.9600]
2023-03-08 14:47:38,286 - train - INFO - ----------------------------------------------------------------------------------------------------
2023-03-08 14:47:38,286 - train - INFO - [23] Epoch Training................
2023-03-08 14:59:03,232 - train - INFO - Epoch [23], Train Loss : [0.73811] Val Loss : [1.06525] Val score : [0.67462] Val ego F1 : [0.9246] Val weather F1 : [0.7509] Val timing F1 : [0.9716]
2023-03-08 14:59:03,235 - train - INFO - ----------------------------------------------------------------------------------------------------
2023-03-08 14:59:03,235 - train - INFO - [24] Epoch Training................
2023-03-08 15:10:26,513 - train - INFO - Epoch [24], Train Loss : [0.72589] Val Loss : [1.01815] Val score : [0.73603] Val ego F1 : [0.9543] Val weather F1 : [0.7935] Val timing F1 : [0.9719]
2023-03-08 15:10:29,270 - train - INFO - saved new best score model
2023-03-08 15:10:29,273 - train - INFO - ----------------------------------------------------------------------------------------------------
2023-03-08 15:10:29,273 - train - INFO - [25] Epoch Training................
2023-03-08 15:21:55,252 - train - INFO - Epoch [25], Train Loss : [0.71621] Val Loss : [1.10235] Val score : [0.70430] Val ego F1 : [0.9464] Val weather F1 : [0.7787] Val timing F1 : [0.9557]
2023-03-08 15:21:55,255 - train - INFO - ----------------------------------------------------------------------------------------------------
2023-03-08 15:21:55,255 - train - INFO - [26] Epoch Training................
2023-03-08 15:33:15,275 - train - INFO - Epoch [26], Train Loss : [0.70563] Val Loss : [1.19068] Val score : [0.66761] Val ego F1 : [0.9250] Val weather F1 : [0.7456] Val timing F1 : [0.9680]
2023-03-08 15:33:15,278 - train - INFO - ----------------------------------------------------------------------------------------------------
2023-03-08 15:33:15,278 - train - INFO - [27] Epoch Training................
2023-03-08 15:44:32,996 - train - INFO - Epoch [27], Train Loss : [0.70298] Val Loss : [1.18855] Val score : [0.67775] Val ego F1 : [0.9477] Val weather F1 : [0.7631] Val timing F1 : [0.9372]
2023-03-08 15:44:32,999 - train - INFO - ----------------------------------------------------------------------------------------------------
2023-03-08 15:44:32,999 - train - INFO - [28] Epoch Training................
2023-03-08 15:55:54,184 - train - INFO - Epoch [28], Train Loss : [0.65852] Val Loss : [1.08179] Val score : [0.70167] Val ego F1 : [0.9425] Val weather F1 : [0.7692] Val timing F1 : [0.9678]
2023-03-08 15:55:54,187 - train - INFO - ----------------------------------------------------------------------------------------------------
2023-03-08 15:55:54,187 - train - INFO - [29] Epoch Training................
2023-03-08 16:07:11,952 - train - INFO - Epoch [29], Train Loss : [0.64064] Val Loss : [1.20714] Val score : [0.65177] Val ego F1 : [0.9384] Val weather F1 : [0.7238] Val timing F1 : [0.9596]
2023-03-08 16:07:11,955 - train - INFO - ----------------------------------------------------------------------------------------------------
2023-03-08 16:07:11,955 - train - INFO - [30] Epoch Training................
2023-03-08 16:18:26,036 - train - INFO - Epoch [30], Train Loss : [0.64639] Val Loss : [1.14666] Val score : [0.67558] Val ego F1 : [0.9359] Val weather F1 : [0.7427] Val timing F1 : [0.9719]
2023-03-08 16:18:26,039 - train - INFO - ----------------------------------------------------------------------------------------------------
2023-03-08 16:18:26,039 - train - INFO - [31] Epoch Training................
2023-03-08 16:29:44,664 - train - INFO - Epoch [31], Train Loss : [0.63612] Val Loss : [1.15418] Val score : [0.68806] Val ego F1 : [0.9359] Val weather F1 : [0.7661] Val timing F1 : [0.9596]
2023-03-08 16:29:44,668 - train - INFO - ----------------------------------------------------------------------------------------------------
2023-03-08 16:29:44,668 - train - INFO - [32] Epoch Training................
2023-03-08 16:41:41,474 - train - INFO - Epoch [32], Train Loss : [0.63805] Val Loss : [1.17883] Val score : [0.70403] Val ego F1 : [0.9359] Val weather F1 : [0.7772] Val timing F1 : [0.9678]
2023-03-08 16:41:41,477 - train - INFO - ----------------------------------------------------------------------------------------------------
2023-03-08 16:41:41,477 - train - INFO - [33] Epoch Training................
2023-03-08 16:53:28,945 - train - INFO - Epoch [33], Train Loss : [0.63427] Val Loss : [1.14805] Val score : [0.67698] Val ego F1 : [0.9215] Val weather F1 : [0.7558] Val timing F1 : [0.9720]
2023-03-08 16:53:28,948 - train - INFO - ----------------------------------------------------------------------------------------------------
2023-03-08 16:53:28,948 - train - INFO - [34] Epoch Training................
2023-03-08 17:04:55,843 - train - INFO - Epoch [34], Train Loss : [0.64016] Val Loss : [1.12528] Val score : [0.70821] Val ego F1 : [0.9425] Val weather F1 : [0.7829] Val timing F1 : [0.9598]
2023-03-08 17:04:55,846 - train - INFO - ----------------------------------------------------------------------------------------------------
2023-03-08 17:04:55,846 - train - INFO - [35] Epoch Training................
2023-03-08 17:16:28,573 - train - INFO - Epoch [35], Train Loss : [0.63942] Val Loss : [1.10648] Val score : [0.72180] Val ego F1 : [0.9425] Val weather F1 : [0.7913] Val timing F1 : [0.9678]
2023-03-08 17:16:28,576 - train - INFO - ----------------------------------------------------------------------------------------------------
2023-03-08 17:16:28,576 - train - INFO - [36] Epoch Training................
2023-03-08 17:28:17,299 - train - INFO - Epoch [36], Train Loss : [0.63094] Val Loss : [1.04318] Val score : [0.77024] Val ego F1 : [0.9425] Val weather F1 : [0.8442] Val timing F1 : [0.9680]
2023-03-08 17:28:20,023 - train - INFO - saved new best score model
2023-03-08 17:28:20,026 - train - INFO - ----------------------------------------------------------------------------------------------------
2023-03-08 17:28:20,026 - train - INFO - [37] Epoch Training................
2023-03-08 17:40:02,983 - train - INFO - Epoch [37], Train Loss : [0.63172] Val Loss : [1.11578] Val score : [0.70373] Val ego F1 : [0.9407] Val weather F1 : [0.7697] Val timing F1 : [0.9719]
2023-03-08 17:40:02,987 - train - INFO - ----------------------------------------------------------------------------------------------------
2023-03-08 17:40:02,987 - train - INFO - [38] Epoch Training................
2023-03-08 17:51:32,915 - train - INFO - Epoch [38], Train Loss : [0.63206] Val Loss : [1.12850] Val score : [0.70123] Val ego F1 : [0.9425] Val weather F1 : [0.7655] Val timing F1 : [0.9719]
2023-03-08 17:51:32,918 - train - INFO - ----------------------------------------------------------------------------------------------------
2023-03-08 17:51:32,918 - train - INFO - [39] Epoch Training................
2023-03-08 18:03:01,566 - train - INFO - Epoch [39], Train Loss : [0.62971] Val Loss : [1.16101] Val score : [0.73632] Val ego F1 : [0.9477] Val weather F1 : [0.8130] Val timing F1 : [0.9557]
2023-03-08 18:03:01,570 - train - INFO - ----------------------------------------------------------------------------------------------------
2023-03-08 18:03:01,570 - train - INFO - [40] Epoch Training................
2023-03-08 18:14:20,250 - train - INFO - Epoch [40], Train Loss : [0.62525] Val Loss : [1.11454] Val score : [0.76362] Val ego F1 : [0.9425] Val weather F1 : [0.8443] Val timing F1 : [0.9596]
2023-03-08 18:14:20,253 - train - INFO - ----------------------------------------------------------------------------------------------------
2023-03-08 18:14:20,253 - train - INFO - [41] Epoch Training................
2023-03-08 18:25:38,294 - train - INFO - Epoch [41], Train Loss : [0.62846] Val Loss : [1.14882] Val score : [0.72031] Val ego F1 : [0.9359] Val weather F1 : [0.7986] Val timing F1 : [0.9637]
2023-03-08 18:25:38,298 - train - INFO - ----------------------------------------------------------------------------------------------------
2023-03-08 18:25:38,298 - train - INFO - [42] Epoch Training................
2023-03-08 18:37:01,344 - train - INFO - Epoch [42], Train Loss : [0.62869] Val Loss : [1.20590] Val score : [0.73374] Val ego F1 : [0.9425] Val weather F1 : [0.8146] Val timing F1 : [0.9557]
2023-03-08 18:37:01,347 - train - INFO - ----------------------------------------------------------------------------------------------------
2023-03-08 18:37:01,347 - train - INFO - [43] Epoch Training................
2023-03-08 18:48:37,639 - train - INFO - Epoch [43], Train Loss : [0.62202] Val Loss : [1.17986] Val score : [0.74243] Val ego F1 : [0.9355] Val weather F1 : [0.8305] Val timing F1 : [0.9557]
2023-03-08 18:48:37,642 - train - INFO - ----------------------------------------------------------------------------------------------------
2023-03-08 18:48:37,642 - train - INFO - [44] Epoch Training................
2023-03-08 19:00:12,029 - train - INFO - Epoch [44], Train Loss : [0.62181] Val Loss : [1.17766] Val score : [0.71491] Val ego F1 : [0.9425] Val weather F1 : [0.7837] Val timing F1 : [0.9678]
2023-03-08 19:00:12,032 - train - INFO - ----------------------------------------------------------------------------------------------------
2023-03-08 19:00:12,032 - train - INFO - [45] Epoch Training................
2023-03-08 19:11:38,938 - train - INFO - Epoch [45], Train Loss : [0.62807] Val Loss : [1.16938] Val score : [0.71039] Val ego F1 : [0.9425] Val weather F1 : [0.7854] Val timing F1 : [0.9596]
2023-03-08 19:11:38,941 - train - INFO - ----------------------------------------------------------------------------------------------------
2023-03-08 19:11:38,942 - train - INFO - [46] Epoch Training................
2023-03-08 19:23:01,998 - train - INFO - Epoch [46], Train Loss : [0.62419] Val Loss : [1.07196] Val score : [0.72261] Val ego F1 : [0.9425] Val weather F1 : [0.7824] Val timing F1 : [0.9798]
2023-03-08 19:23:02,001 - train - INFO - ----------------------------------------------------------------------------------------------------
2023-03-08 19:23:02,001 - train - INFO - [47] Epoch Training................
2023-03-08 19:34:48,156 - train - INFO - Epoch [47], Train Loss : [0.62258] Val Loss : [1.20032] Val score : [0.72885] Val ego F1 : [0.9425] Val weather F1 : [0.8024] Val timing F1 : [0.9637]
2023-03-08 19:34:48,159 - train - INFO - ----------------------------------------------------------------------------------------------------
2023-03-08 19:34:48,159 - train - INFO - [48] Epoch Training................
2023-03-08 19:46:29,017 - train - INFO - Epoch [48], Train Loss : [0.62186] Val Loss : [1.23192] Val score : [0.72262] Val ego F1 : [0.9425] Val weather F1 : [0.8059] Val timing F1 : [0.9513]
2023-03-08 19:46:29,021 - train - INFO - ----------------------------------------------------------------------------------------------------
2023-03-08 19:46:29,021 - train - INFO - [49] Epoch Training................
2023-03-08 19:57:59,753 - train - INFO - Epoch [49], Train Loss : [0.61856] Val Loss : [1.08565] Val score : [0.72988] Val ego F1 : [0.9425] Val weather F1 : [0.8002] Val timing F1 : [0.9677]
2023-03-08 19:57:59,757 - train - INFO - ----------------------------------------------------------------------------------------------------
2023-03-08 19:57:59,757 - train - INFO - [50] Epoch Training................
2023-03-08 20:09:17,009 - train - INFO - Epoch [50], Train Loss : [0.62014] Val Loss : [1.13244] Val score : [0.73053] Val ego F1 : [0.9425] Val weather F1 : [0.8010] Val timing F1 : [0.9677]
2023-03-08 20:09:17,013 - train - INFO - ----------------------------------------------------------------------------------------------------
2023-03-08 20:09:17,013 - train - INFO - [51] Epoch Training................
2023-03-08 20:20:42,606 - train - INFO - Epoch [51], Train Loss : [0.62502] Val Loss : [1.20774] Val score : [0.68980] Val ego F1 : [0.9355] Val weather F1 : [0.7784] Val timing F1 : [0.9473]
2023-03-08 20:20:42,609 - train - INFO - ----------------------------------------------------------------------------------------------------
2023-03-08 20:20:42,610 - train - INFO - [52] Epoch Training................
2023-03-08 20:32:20,446 - train - INFO - Epoch [52], Train Loss : [0.62403] Val Loss : [1.21005] Val score : [0.69988] Val ego F1 : [0.9425] Val weather F1 : [0.7770] Val timing F1 : [0.9557]
2023-03-08 20:32:20,449 - train - INFO - ----------------------------------------------------------------------------------------------------
2023-03-08 20:32:20,449 - train - INFO - [53] Epoch Training................
2023-03-08 20:43:52,689 - train - INFO - Epoch [53], Train Loss : [0.62253] Val Loss : [1.19303] Val score : [0.68555] Val ego F1 : [0.9425] Val weather F1 : [0.7578] Val timing F1 : [0.9598]
2023-03-08 20:43:52,694 - train - INFO - ----------------------------------------------------------------------------------------------------
2023-03-08 20:43:52,694 - train - INFO - [54] Epoch Training................
2023-03-08 20:55:36,759 - train - INFO - Epoch [54], Train Loss : [0.62045] Val Loss : [1.22333] Val score : [0.70013] Val ego F1 : [0.9425] Val weather F1 : [0.7708] Val timing F1 : [0.9637]
2023-03-08 20:55:36,762 - train - INFO - ----------------------------------------------------------------------------------------------------
2023-03-08 20:55:36,762 - train - INFO - [55] Epoch Training................
2023-03-08 21:07:17,147 - train - INFO - Epoch [55], Train Loss : [0.62465] Val Loss : [1.22545] Val score : [0.69436] Val ego F1 : [0.9425] Val weather F1 : [0.7710] Val timing F1 : [0.9554]
2023-03-08 21:07:17,150 - train - INFO - ----------------------------------------------------------------------------------------------------
2023-03-08 21:07:17,150 - train - INFO - [56] Epoch Training................
2023-03-08 21:18:59,230 - train - INFO - Epoch [56], Train Loss : [0.62517] Val Loss : [1.12377] Val score : [0.75320] Val ego F1 : [0.9425] Val weather F1 : [0.8326] Val timing F1 : [0.9598]
2023-03-08 21:18:59,233 - train - INFO - ----------------------------------------------------------------------------------------------------
2023-03-08 21:18:59,233 - train - INFO - [57] Epoch Training................
2023-03-08 21:30:16,580 - train - INFO - Epoch [57], Train Loss : [0.62102] Val Loss : [1.07429] Val score : [0.74074] Val ego F1 : [0.9425] Val weather F1 : [0.8053] Val timing F1 : [0.9759]
2023-03-08 21:30:16,584 - train - INFO - ----------------------------------------------------------------------------------------------------
2023-03-08 21:30:16,584 - train - INFO - [58] Epoch Training................
2023-03-08 21:41:38,734 - train - INFO - Epoch [58], Train Loss : [0.62427] Val Loss : [1.13921] Val score : [0.74236] Val ego F1 : [0.9425] Val weather F1 : [0.8206] Val timing F1 : [0.9598]
2023-03-08 21:41:38,737 - train - INFO - ----------------------------------------------------------------------------------------------------
2023-03-08 21:41:38,737 - train - INFO - [59] Epoch Training................
2023-03-08 21:53:16,159 - train - INFO - Epoch [59], Train Loss : [0.62149] Val Loss : [1.16795] Val score : [0.70247] Val ego F1 : [0.9425] Val weather F1 : [0.7804] Val timing F1 : [0.9550]
2023-03-08 21:53:16,161 - train - INFO - ----------------------------------------------------------------------------------------------------
2023-03-08 21:53:16,161 - train - INFO - [60] Epoch Training................
2023-03-08 22:04:35,672 - train - INFO - Epoch [60], Train Loss : [0.62219] Val Loss : [1.17219] Val score : [0.73797] Val ego F1 : [0.9425] Val weather F1 : [0.8124] Val timing F1 : [0.9637]
2023-03-08 22:04:35,676 - train - INFO - ----------------------------------------------------------------------------------------------------
2023-03-08 22:04:35,676 - train - INFO - [61] Epoch Training................
2023-03-08 22:16:26,467 - train - INFO - Epoch [61], Train Loss : [0.62203] Val Loss : [1.20207] Val score : [0.70324] Val ego F1 : [0.9425] Val weather F1 : [0.7775] Val timing F1 : [0.9596]
2023-03-08 22:16:26,472 - train - INFO - ----------------------------------------------------------------------------------------------------
2023-03-08 22:16:26,472 - train - INFO - [62] Epoch Training................
2023-03-08 22:27:58,000 - train - INFO - Epoch [62], Train Loss : [0.62461] Val Loss : [1.20089] Val score : [0.71514] Val ego F1 : [0.9425] Val weather F1 : [0.7974] Val timing F1 : [0.9515]
2023-03-08 22:27:58,003 - train - INFO - ----------------------------------------------------------------------------------------------------
2023-03-08 22:27:58,003 - train - INFO - [63] Epoch Training................
2023-03-08 22:39:37,759 - train - INFO - Epoch [63], Train Loss : [0.62299] Val Loss : [1.14542] Val score : [0.70891] Val ego F1 : [0.9425] Val weather F1 : [0.7870] Val timing F1 : [0.9557]
2023-03-08 22:39:37,762 - train - INFO - ----------------------------------------------------------------------------------------------------
2023-03-08 22:39:37,762 - train - INFO - [64] Epoch Training................
2023-03-08 22:50:59,471 - train - INFO - Epoch [64], Train Loss : [0.62253] Val Loss : [1.12976] Val score : [0.73958] Val ego F1 : [0.9425] Val weather F1 : [0.8107] Val timing F1 : [0.9678]
2023-03-08 22:50:59,474 - train - INFO - ----------------------------------------------------------------------------------------------------
2023-03-08 22:50:59,474 - train - INFO - [65] Epoch Training................
2023-03-08 23:02:15,703 - train - INFO - Epoch [65], Train Loss : [0.62059] Val Loss : [1.17920] Val score : [0.71192] Val ego F1 : [0.9425] Val weather F1 : [0.7904] Val timing F1 : [0.9557]
2023-03-08 23:02:15,707 - train - INFO - ----------------------------------------------------------------------------------------------------
2023-03-08 23:02:15,707 - train - INFO - [66] Epoch Training................
2023-03-08 23:13:38,671 - train - INFO - Epoch [66], Train Loss : [0.62125] Val Loss : [1.13602] Val score : [0.73291] Val ego F1 : [0.9425] Val weather F1 : [0.8103] Val timing F1 : [0.9596]
2023-03-08 23:13:38,674 - train - INFO - ----------------------------------------------------------------------------------------------------
2023-03-08 23:13:38,674 - train - INFO - [67] Epoch Training................
2023-03-08 23:25:02,904 - train - INFO - Epoch [67], Train Loss : [0.62091] Val Loss : [1.19632] Val score : [0.68750] Val ego F1 : [0.9425] Val weather F1 : [0.7567] Val timing F1 : [0.9639]
2023-03-08 23:25:02,908 - train - INFO - ----------------------------------------------------------------------------------------------------
2023-03-08 23:25:02,908 - train - INFO - [68] Epoch Training................
2023-03-08 23:36:21,957 - train - INFO - Epoch [68], Train Loss : [0.62364] Val Loss : [1.17823] Val score : [0.71704] Val ego F1 : [0.9425] Val weather F1 : [0.7891] Val timing F1 : [0.9640]
2023-03-08 23:36:21,960 - train - INFO - ----------------------------------------------------------------------------------------------------
2023-03-08 23:36:21,960 - train - INFO - [69] Epoch Training................
2023-03-08 23:47:24,770 - train - INFO - Epoch [69], Train Loss : [0.61901] Val Loss : [1.22231] Val score : [0.65387] Val ego F1 : [0.9425] Val weather F1 : [0.7229] Val timing F1 : [0.9596]
2023-03-08 23:47:24,775 - train - INFO - ----------------------------------------------------------------------------------------------------
2023-03-08 23:47:24,775 - train - INFO - [70] Epoch Training................
2023-03-08 23:58:44,304 - train - INFO - Epoch [70], Train Loss : [0.62141] Val Loss : [1.11587] Val score : [0.75931] Val ego F1 : [0.9425] Val weather F1 : [0.8358] Val timing F1 : [0.9639]
2023-03-08 23:58:44,311 - train - INFO - ----------------------------------------------------------------------------------------------------
2023-03-08 23:58:44,311 - train - INFO - [71] Epoch Training................
2023-03-09 00:10:09,489 - train - INFO - Epoch [71], Train Loss : [0.62079] Val Loss : [1.11122] Val score : [0.72955] Val ego F1 : [0.9425] Val weather F1 : [0.7964] Val timing F1 : [0.9719]
2023-03-09 00:10:09,492 - train - INFO - ----------------------------------------------------------------------------------------------------
2023-03-09 00:10:09,492 - train - INFO - [72] Epoch Training................
2023-03-09 00:21:44,556 - train - INFO - Epoch [72], Train Loss : [0.62596] Val Loss : [1.22860] Val score : [0.67834] Val ego F1 : [0.9425] Val weather F1 : [0.7500] Val timing F1 : [0.9596]
2023-03-09 00:21:44,559 - train - INFO - ----------------------------------------------------------------------------------------------------
2023-03-09 00:21:44,559 - train - INFO - [73] Epoch Training................
2023-03-09 00:33:25,682 - train - INFO - Epoch [73], Train Loss : [0.62289] Val Loss : [1.13603] Val score : [0.71134] Val ego F1 : [0.9425] Val weather F1 : [0.7797] Val timing F1 : [0.9680]
2023-03-09 00:33:25,686 - train - INFO - ----------------------------------------------------------------------------------------------------
2023-03-09 00:33:25,686 - train - INFO - [74] Epoch Training................
2023-03-09 00:45:34,821 - train - INFO - Epoch [74], Train Loss : [0.62170] Val Loss : [1.11772] Val score : [0.75770] Val ego F1 : [0.9425] Val weather F1 : [0.8340] Val timing F1 : [0.9639]
2023-03-09 00:45:34,824 - train - INFO - ----------------------------------------------------------------------------------------------------
2023-03-09 00:45:34,825 - train - INFO - [75] Epoch Training................
2023-03-09 00:57:38,566 - train - INFO - Epoch [75], Train Loss : [0.62606] Val Loss : [1.09191] Val score : [0.75196] Val ego F1 : [0.9425] Val weather F1 : [0.8210] Val timing F1 : [0.9718]
2023-03-09 00:57:38,569 - train - INFO - ----------------------------------------------------------------------------------------------------
2023-03-09 00:57:38,569 - train - INFO - [76] Epoch Training................
2023-03-09 01:09:26,385 - train - INFO - Epoch [76], Train Loss : [0.62554] Val Loss : [1.20711] Val score : [0.69896] Val ego F1 : [0.9425] Val weather F1 : [0.7728] Val timing F1 : [0.9596]
2023-03-09 01:09:26,389 - train - INFO - ----------------------------------------------------------------------------------------------------
2023-03-09 01:09:26,389 - train - INFO - [77] Epoch Training................
2023-03-09 01:20:45,966 - train - INFO - Epoch [77], Train Loss : [0.62490] Val Loss : [1.17918] Val score : [0.72027] Val ego F1 : [0.9425] Val weather F1 : [0.7929] Val timing F1 : [0.9637]
2023-03-09 01:20:45,969 - train - INFO - ----------------------------------------------------------------------------------------------------
2023-03-09 01:20:45,969 - train - INFO - [78] Epoch Training................
2023-03-09 01:32:15,851 - train - INFO - Epoch [78], Train Loss : [0.62401] Val Loss : [1.22729] Val score : [0.70765] Val ego F1 : [0.9425] Val weather F1 : [0.7826] Val timing F1 : [0.9594]
2023-03-09 01:32:15,855 - train - INFO - ----------------------------------------------------------------------------------------------------
2023-03-09 01:32:15,855 - train - INFO - [79] Epoch Training................
2023-03-09 01:43:37,038 - train - INFO - Epoch [79], Train Loss : [0.62170] Val Loss : [1.10484] Val score : [0.70909] Val ego F1 : [0.9425] Val weather F1 : [0.7709] Val timing F1 : [0.9759]
2023-03-09 01:43:37,041 - train - INFO - ----------------------------------------------------------------------------------------------------
2023-03-09 01:43:37,041 - train - INFO - [80] Epoch Training................
2023-03-09 01:54:50,280 - train - INFO - Epoch [80], Train Loss : [0.62315] Val Loss : [1.28343] Val score : [0.69185] Val ego F1 : [0.9425] Val weather F1 : [0.7714] Val timing F1 : [0.9515]
2023-03-09 01:54:50,283 - train - INFO - ----------------------------------------------------------------------------------------------------
2023-03-09 01:54:50,283 - train - INFO - [81] Epoch Training................
2023-03-09 02:06:02,315 - train - INFO - Epoch [81], Train Loss : [0.62291] Val Loss : [1.16212] Val score : [0.72990] Val ego F1 : [0.9425] Val weather F1 : [0.8070] Val timing F1 : [0.9596]
2023-03-09 02:06:02,318 - train - INFO - ----------------------------------------------------------------------------------------------------
2023-03-09 02:06:02,318 - train - INFO - [82] Epoch Training................
2023-03-09 02:17:41,277 - train - INFO - Epoch [82], Train Loss : [0.62138] Val Loss : [1.16945] Val score : [0.72248] Val ego F1 : [0.9425] Val weather F1 : [0.7988] Val timing F1 : [0.9596]
2023-03-09 02:17:41,282 - train - INFO - ----------------------------------------------------------------------------------------------------
2023-03-09 02:17:41,282 - train - INFO - [83] Epoch Training................
2023-03-09 02:29:14,771 - train - INFO - Epoch [83], Train Loss : [0.62312] Val Loss : [1.19630] Val score : [0.72299] Val ego F1 : [0.9425] Val weather F1 : [0.8028] Val timing F1 : [0.9554]
2023-03-09 02:29:14,774 - train - INFO - ----------------------------------------------------------------------------------------------------
2023-03-09 02:29:14,774 - train - INFO - [84] Epoch Training................
2023-03-09 02:40:32,104 - train - INFO - Epoch [84], Train Loss : [0.61774] Val Loss : [1.14346] Val score : [0.75587] Val ego F1 : [0.9425] Val weather F1 : [0.8392] Val timing F1 : [0.9557]
2023-03-09 02:40:32,107 - train - INFO - ----------------------------------------------------------------------------------------------------
2023-03-09 02:40:32,107 - train - INFO - [85] Epoch Training................
2023-03-09 02:51:58,220 - train - INFO - Epoch [85], Train Loss : [0.62262] Val Loss : [1.15038] Val score : [0.71477] Val ego F1 : [0.9425] Val weather F1 : [0.7834] Val timing F1 : [0.9680]
2023-03-09 02:51:58,224 - train - INFO - ----------------------------------------------------------------------------------------------------
2023-03-09 02:51:58,224 - train - INFO - [86] Epoch Training................
2023-03-09 03:03:15,062 - train - INFO - Epoch [86], Train Loss : [0.63133] Val Loss : [1.17518] Val score : [0.70957] Val ego F1 : [0.9425] Val weather F1 : [0.7810] Val timing F1 : [0.9639]
2023-03-09 03:03:15,065 - train - INFO - ----------------------------------------------------------------------------------------------------
2023-03-09 03:03:15,065 - train - INFO - [87] Epoch Training................
2023-03-09 03:14:30,631 - train - INFO - Epoch [87], Train Loss : [0.62084] Val Loss : [1.14176] Val score : [0.71459] Val ego F1 : [0.9425] Val weather F1 : [0.7834] Val timing F1 : [0.9678]
2023-03-09 03:14:30,634 - train - INFO - ----------------------------------------------------------------------------------------------------
2023-03-09 03:14:30,634 - train - INFO - [88] Epoch Training................
2023-03-09 03:25:35,209 - train - INFO - Epoch [88], Train Loss : [0.62464] Val Loss : [1.19241] Val score : [0.69730] Val ego F1 : [0.9425] Val weather F1 : [0.7643] Val timing F1 : [0.9680]
2023-03-09 03:25:35,212 - train - INFO - ----------------------------------------------------------------------------------------------------
2023-03-09 03:25:35,212 - train - INFO - [89] Epoch Training................
2023-03-09 03:36:51,060 - train - INFO - Epoch [89], Train Loss : [0.62434] Val Loss : [1.14416] Val score : [0.74466] Val ego F1 : [0.9425] Val weather F1 : [0.8265] Val timing F1 : [0.9559]
2023-03-09 03:36:51,063 - train - INFO - ----------------------------------------------------------------------------------------------------
2023-03-09 03:36:51,063 - train - INFO - [90] Epoch Training................
2023-03-09 03:48:10,713 - train - INFO - Epoch [90], Train Loss : [0.62358] Val Loss : [1.14591] Val score : [0.71105] Val ego F1 : [0.9425] Val weather F1 : [0.7860] Val timing F1 : [0.9598]
2023-03-09 03:48:10,716 - train - INFO - ----------------------------------------------------------------------------------------------------
2023-03-09 03:48:10,716 - train - INFO - [91] Epoch Training................
2023-03-09 03:59:38,377 - train - INFO - Epoch [91], Train Loss : [0.62147] Val Loss : [1.10895] Val score : [0.75466] Val ego F1 : [0.9425] Val weather F1 : [0.8344] Val timing F1 : [0.9596]
2023-03-09 03:59:38,380 - train - INFO - ----------------------------------------------------------------------------------------------------
2023-03-09 03:59:38,380 - train - INFO - [92] Epoch Training................
2023-03-09 04:11:11,246 - train - INFO - Epoch [92], Train Loss : [0.61995] Val Loss : [1.17641] Val score : [0.70732] Val ego F1 : [0.9425] Val weather F1 : [0.7787] Val timing F1 : [0.9637]
2023-03-09 04:11:11,250 - train - INFO - ----------------------------------------------------------------------------------------------------
2023-03-09 04:11:11,250 - train - INFO - [93] Epoch Training................
2023-03-09 04:23:02,696 - train - INFO - Epoch [93], Train Loss : [0.61715] Val Loss : [1.20216] Val score : [0.70788] Val ego F1 : [0.9425] Val weather F1 : [0.7859] Val timing F1 : [0.9557]
2023-03-09 04:23:02,699 - train - INFO - ----------------------------------------------------------------------------------------------------
2023-03-09 04:23:02,699 - train - INFO - [94] Epoch Training................
2023-03-09 04:34:30,307 - train - INFO - Epoch [94], Train Loss : [0.62030] Val Loss : [1.18688] Val score : [0.70011] Val ego F1 : [0.9425] Val weather F1 : [0.7773] Val timing F1 : [0.9557]
2023-03-09 04:34:30,311 - train - INFO - ----------------------------------------------------------------------------------------------------
2023-03-09 04:34:30,311 - train - INFO - [95] Epoch Training................
2023-03-09 04:45:48,466 - train - INFO - Epoch [95], Train Loss : [0.62127] Val Loss : [1.16721] Val score : [0.73312] Val ego F1 : [0.9425] Val weather F1 : [0.8038] Val timing F1 : [0.9677]
2023-03-09 04:45:48,468 - train - INFO - ----------------------------------------------------------------------------------------------------
2023-03-09 04:45:48,468 - train - INFO - [96] Epoch Training................
2023-03-09 04:56:55,087 - train - INFO - Epoch [96], Train Loss : [0.62564] Val Loss : [1.13214] Val score : [0.73126] Val ego F1 : [0.9425] Val weather F1 : [0.8120] Val timing F1 : [0.9554]
2023-03-09 04:56:55,091 - train - INFO - ----------------------------------------------------------------------------------------------------
2023-03-09 04:56:55,091 - train - INFO - [97] Epoch Training................
2023-03-09 05:08:18,173 - train - INFO - Epoch [97], Train Loss : [0.62195] Val Loss : [1.14010] Val score : [0.72511] Val ego F1 : [0.9425] Val weather F1 : [0.8050] Val timing F1 : [0.9557]
2023-03-09 05:08:18,177 - train - INFO - ----------------------------------------------------------------------------------------------------
2023-03-09 05:08:18,177 - train - INFO - [98] Epoch Training................
2023-03-09 05:19:49,268 - train - INFO - Epoch [98], Train Loss : [0.61843] Val Loss : [1.13611] Val score : [0.74095] Val ego F1 : [0.9425] Val weather F1 : [0.8157] Val timing F1 : [0.9637]
2023-03-09 05:19:49,271 - train - INFO - ----------------------------------------------------------------------------------------------------
2023-03-09 05:19:49,271 - train - INFO - [99] Epoch Training................
2023-03-09 05:31:24,341 - train - INFO - Epoch [99], Train Loss : [0.62341] Val Loss : [1.21565] Val score : [0.70196] Val ego F1 : [0.9425] Val weather F1 : [0.7728] Val timing F1 : [0.9637]
2023-03-09 05:31:24,344 - train - INFO - ----------------------------------------------------------------------------------------------------
2023-03-09 05:31:24,344 - train - INFO - [100] Epoch Training................
2023-03-09 05:42:49,642 - train - INFO - Epoch [100], Train Loss : [0.62013] Val Loss : [1.18558] Val score : [0.70173] Val ego F1 : [0.9425] Val weather F1 : [0.7756] Val timing F1 : [0.9600]
2023-03-09 05:42:49,642 - train - INFO - train completed, best_metric: 0.7702
